[progress] discovery: scanned=1
[progress] files: skipped_google_native=1
[progress] files: skipped_already_mapped=1
[progress] files: skipped_google_native=50
[progress] discovery: scanned=100
[progress] files: skipped_already_mapped=50
[progress] files: skipped_google_native=100
[progress] discovery: scanned=200
[progress] files: skipped_already_mapped=100
[progress] files: skipped_already_mapped=150
[progress] discovery: scanned=300
[progress] files: skipped_zero_byte=1
[progress] discovery: scanned=400
[progress] files: skipped_already_mapped=200
[progress] files: skipped_already_mapped=250
[progress] discovery: scanned=500
[progress] files: skipped_already_mapped=300
[progress] files: skipped_already_mapped=350
[progress] discovery: scanned=600
[progress] files: skipped_already_mapped=400
[progress] files: skipped_already_mapped=450
[progress] discovery: scanned=700
[progress] files: skipped_already_mapped=500
[progress] files: skipped_already_mapped=550
[progress] discovery: scanned=800
[progress] files: skipped_already_mapped=600
[progress] folder create error: drive_folder_id=1Sxclw2EuGV_ywOYtWArGU_wgGiRjkuaT error=AuthTokenError: Lark API returned 401 Unauthorized. Refresh token settings (LARK_ACCESS_TOKEN or LARK_APP_ID/LARK_APP_SECRET) and re-run.
[progress] folder create error: drive_folder_id=1j6eJLmsMh1iNSQ8eC7NusLhz1yJ3Htsa error=AuthTokenError: Lark API returned 401 Unauthorized. Refresh token settings (LARK_ACCESS_TOKEN or LARK_APP_ID/LARK_APP_SECRET) and re-run.
[progress] folder create error: drive_folder_id=1mPOmaNCGyHA5K6fWVErMABxoCQrvVpCF error=AuthTokenError: Lark API returned 401 Unauthorized. Refresh token settings (LARK_ACCESS_TOKEN or LARK_APP_ID/LARK_APP_SECRET) and re-run.
[progress] folder create error: drive_folder_id=1JqzHa1wjXd4lK3g-0Fw06MHzd1wtp2Me error=AuthTokenError: Lark API returned 401 Unauthorized. Refresh token settings (LARK_ACCESS_TOKEN or LARK_APP_ID/LARK_APP_SECRET) and re-run.
[progress] folder create error: drive_folder_id=1SLbjhi3VQvTbiiplOFpZiIJtBIw0-r3Y error=AuthTokenError: Lark API returned 401 Unauthorized. Refresh token settings (LARK_ACCESS_TOKEN or LARK_APP_ID/LARK_APP_SECRET) and re-run.
[progress] folder create error: drive_folder_id=1ZbaLq6USubRznJJCW2QE1GzrZ9u1o7WR error=AuthTokenError: Lark API returned 401 Unauthorized. Refresh token settings (LARK_ACCESS_TOKEN or LARK_APP_ID/LARK_APP_SECRET) and re-run.
[progress] folder create error: drive_folder_id=1EratJIXspFOugbSdJ9PjlolKzZTyfrVu error=AuthTokenError: Lark API returned 401 Unauthorized. Refresh token settings (LARK_ACCESS_TOKEN or LARK_APP_ID/LARK_APP_SECRET) and re-run.
[progress] folder create error: drive_folder_id=140_nuIfc6Tqc7sOFdEtFua80aAFMR3g9 error=AuthTokenError: Lark API returned 401 Unauthorized. Refresh token settings (LARK_ACCESS_TOKEN or LARK_APP_ID/LARK_APP_SECRET) and re-run.
[progress] folder create error: drive_folder_id=1w_Y6xYvNZgGbSwuUKmi8LqkewDeT3WcC error=AuthTokenError: Lark API returned 401 Unauthorized. Refresh token settings (LARK_ACCESS_TOKEN or LARK_APP_ID/LARK_APP_SECRET) and re-run.
[progress] folder create error: drive_folder_id=1zz1GxtLg0SsZxPLYFGhQKbYGOv6aJn2S error=AuthTokenError: Lark API returned 401 Unauthorized. Refresh token settings (LARK_ACCESS_TOKEN or LARK_APP_ID/LARK_APP_SECRET) and re-run.
[progress] folder create error: drive_folder_id=16tYcbz0GNz7SKeikJHAEIqnqNmKKcPkI error=AuthTokenError: Lark API returned 401 Unauthorized. Refresh token settings (LARK_ACCESS_TOKEN or LARK_APP_ID/LARK_APP_SECRET) and re-run.
[progress] folder create error: drive_folder_id=1mPzRylY4bZUrLNyWmE5YRf30PE_Ja4Dm error=AuthTokenError: Lark API returned 401 Unauthorized. Refresh token settings (LARK_ACCESS_TOKEN or LARK_APP_ID/LARK_APP_SECRET) and re-run.
[progress] files: skipped_already_mapped=650
[progress] discovery: scanned=900
[progress] files: skipped_already_mapped=700
[progress] upload start: drive_file_id=16nbLOF1wYKa8O4RjfCPmJBf5AqwXUw_Y name='Thong tin cac don vi (2024).xlsm' size_mb=0.0
[progress] folder create error: drive_folder_id=1G5tSePDny1EGTZv2KXV_hI6_zxeGqe5X error=AuthTokenError: Lark API returned 401 Unauthorized. Refresh token settings (LARK_ACCESS_TOKEN or LARK_APP_ID/LARK_APP_SECRET) and re-run.
[progress] files: skipped_already_mapped=750
[progress] discovery: scanned=1000
[progress] folder create error: drive_folder_id=1ue6VbEAEiffeoMN_uO-RdnbCEMTgxVgG error=AuthTokenError: Lark API returned 401 Unauthorized. Refresh token settings (LARK_ACCESS_TOKEN or LARK_APP_ID/LARK_APP_SECRET) and re-run.
[progress] folder create error: drive_folder_id=1IiNX7-KVwOziM6AYynLmxa1vrq7d5u__ error=AuthTokenError: Lark API returned 401 Unauthorized. Refresh token settings (LARK_ACCESS_TOKEN or LARK_APP_ID/LARK_APP_SECRET) and re-run.
[progress] folder create error: drive_folder_id=1hRuT66pbL9jjZIxSTYzatEbRUbYAGesW error=AuthTokenError: Lark API returned 401 Unauthorized. Refresh token settings (LARK_ACCESS_TOKEN or LARK_APP_ID/LARK_APP_SECRET) and re-run.
[progress] folder create error: drive_folder_id=1H8HOR4DJhDW13i2hPWDZBqY-BlCEI6mQ error=AuthTokenError: Lark API returned 401 Unauthorized. Refresh token settings (LARK_ACCESS_TOKEN or LARK_APP_ID/LARK_APP_SECRET) and re-run.
[progress] upload skip abusive: drive_file_id=16nbLOF1wYKa8O4RjfCPmJBf5AqwXUw_Y reason=cannotDownloadAbusiveFile
[progress] files: uploaded=0 failed=1
[progress] files: skipped_already_mapped=800
[progress] files: skipped_already_mapped=850
[progress] discovery: scanned=1100
[progress] files: skipped_already_mapped=900
[progress] folder create error: drive_folder_id=1nJKHotACxJKCjFiRM9r19Bkadna_xEng error=AuthTokenError: Lark API returned 401 Unauthorized. Refresh token settings (LARK_ACCESS_TOKEN or LARK_APP_ID/LARK_APP_SECRET) and re-run.
[progress] folder create error: drive_folder_id=1Bv1YjTC4XapnuHerO5dJUG9MfRdtgwP3 error=AuthTokenError: Lark API returned 401 Unauthorized. Refresh token settings (LARK_ACCESS_TOKEN or LARK_APP_ID/LARK_APP_SECRET) and re-run.
[progress] folder create error: drive_folder_id=1ytDNUnKgoacgrd0tlVOuMSN4SHwnx8v2 error=AuthTokenError: Lark API returned 401 Unauthorized. Refresh token settings (LARK_ACCESS_TOKEN or LARK_APP_ID/LARK_APP_SECRET) and re-run.
[progress] folder create error: drive_folder_id=1QVa6C1wxNZuO4tkS9ImYtuZ-6jrXWgKD error=AuthTokenError: Lark API returned 401 Unauthorized. Refresh token settings (LARK_ACCESS_TOKEN or LARK_APP_ID/LARK_APP_SECRET) and re-run.
[progress] folder create error: drive_folder_id=1VjVZOxmFyuHlbsDUvrd0F6SmAgAB-_Hg error=AuthTokenError: Lark API returned 401 Unauthorized. Refresh token settings (LARK_ACCESS_TOKEN or LARK_APP_ID/LARK_APP_SECRET) and re-run.
[progress] folder create error: drive_folder_id=1zmMUS9HHwRejZ1VsopleWlPuxbLljIPf error=AuthTokenError: Lark API returned 401 Unauthorized. Refresh token settings (LARK_ACCESS_TOKEN or LARK_APP_ID/LARK_APP_SECRET) and re-run.
[progress] discovery: scanned=1200
[progress] files: skipped_already_mapped=950
[progress] folder create error: drive_folder_id=1tI2AthtLakA7fk4Kn6cplMMy5tZZl8bl error=AuthTokenError: Lark API returned 401 Unauthorized. Refresh token settings (LARK_ACCESS_TOKEN or LARK_APP_ID/LARK_APP_SECRET) and re-run.
[progress] files: skipped_already_mapped=1000
[progress] folder create error: drive_folder_id=1ubl0VjUbbPoFh6dIM8EsoePiWiE8kazb error=AuthTokenError: Lark API returned 401 Unauthorized. Refresh token settings (LARK_ACCESS_TOKEN or LARK_APP_ID/LARK_APP_SECRET) and re-run.
[progress] folder create error: drive_folder_id=1tPb400PyNHj_iqX5CpB59jTcuI086ct7 error=AuthTokenError: Lark API returned 401 Unauthorized. Refresh token settings (LARK_ACCESS_TOKEN or LARK_APP_ID/LARK_APP_SECRET) and re-run.
[progress] discovery: scanned=1300
[progress] files: skipped_already_mapped=1050
[progress] files: skipped_already_mapped=1100
[progress] discovery: scanned=1400
[progress] files: skipped_already_mapped=1150
[progress] files: skipped_already_mapped=1200
[progress] discovery: scanned=1500
[progress] files: skipped_already_mapped=1250
[progress] folder create error: drive_folder_id=1Ltpf3vjQEIdY90v4prtWKypZiZiS6RTr error=AuthTokenError: Lark API returned 401 Unauthorized. Refresh token settings (LARK_ACCESS_TOKEN or LARK_APP_ID/LARK_APP_SECRET) and re-run.
[progress] files: skipped_already_mapped=1300
[progress] discovery: scanned=1600
[progress] files: skipped_already_mapped=1350
[progress] discovery: scanned=1700
[progress] discovery: scanned=1800
[progress] upload start: drive_file_id=1XxEGnKs8gZyrcHYfXzEpnLITnojMk-jo name='18. ĐÀM TIẾN LUẬT 3B.jpg' size_mb=0.5
[progress] upload start: drive_file_id=1WmS3n1DHrE6z1X_85wj_Ww-_bMRHiylk name='13. ĐÀM BẢO LONG 3A.jpg' size_mb=0.6
[progress] upload start: drive_file_id=1XWf17OE-t4E2A2PuxmuQNs6huK86whb5 name='20. ĐÀM GIA HUY 3B.jpg' size_mb=0.5
[progress] upload start: drive_file_id=1bUnlqzcWOILPj2dei7VW7jCEJgFNCqX9 name='17. NÔNG NGỌC ÁNH 3B.jpg' size_mb=0.2
[progress] folder create error: drive_folder_id=1tB3f4o7P94A5fjgwNWMWb5EXJpfDowZn error=AuthTokenError: Lark API returned 401 Unauthorized. Refresh token settings (LARK_ACCESS_TOKEN or LARK_APP_ID/LARK_APP_SECRET) and re-run.
[progress] folder create error: drive_folder_id=1LvgbcddNnty5XZUfuk3ROnShww1XJ4Zq error=AuthTokenError: Lark API returned 401 Unauthorized. Refresh token settings (LARK_ACCESS_TOKEN or LARK_APP_ID/LARK_APP_SECRET) and re-run.
[progress] folder create error: drive_folder_id=1XeQq3_O10NjcOwOHr86b9HF7zbiXjiKX error=AuthTokenError: Lark API returned 401 Unauthorized. Refresh token settings (LARK_ACCESS_TOKEN or LARK_APP_ID/LARK_APP_SECRET) and re-run.
[progress] folder create error: drive_folder_id=1FF4g2Zy11psPIsSJEtUl5lzs5Vsz8Dgy error=AuthTokenError: Lark API returned 401 Unauthorized. Refresh token settings (LARK_ACCESS_TOKEN or LARK_APP_ID/LARK_APP_SECRET) and re-run.
[progress] folder create error: drive_folder_id=1fPoU6U8cZRZWR_viIBig9-COtL7gCqDz error=AuthTokenError: Lark API returned 401 Unauthorized. Refresh token settings (LARK_ACCESS_TOKEN or LARK_APP_ID/LARK_APP_SECRET) and re-run.
[progress] folder create error: drive_folder_id=1bjvaDQFZJkbAjrkRzc9o_D7jiRsrWk78 error=AuthTokenError: Lark API returned 401 Unauthorized. Refresh token settings (LARK_ACCESS_TOKEN or LARK_APP_ID/LARK_APP_SECRET) and re-run.
[progress] folder create error: drive_folder_id=1gF-BtipSNnjgrtG3PEj5F6Y6D_AiiQAO error=AuthTokenError: Lark API returned 401 Unauthorized. Refresh token settings (LARK_ACCESS_TOKEN or LARK_APP_ID/LARK_APP_SECRET) and re-run.
[progress] folder create error: drive_folder_id=1_yeLtCcQm0YZvUcFqVKW6jRd_7GLTHLi error=AuthTokenError: Lark API returned 401 Unauthorized. Refresh token settings (LARK_ACCESS_TOKEN or LARK_APP_ID/LARK_APP_SECRET) and re-run.
[progress] folder create error: drive_folder_id=1-JLfEM0l3xu43ZM4pVAWN9CTlxfB1lJO error=AuthTokenError: Lark API returned 401 Unauthorized. Refresh token settings (LARK_ACCESS_TOKEN or LARK_APP_ID/LARK_APP_SECRET) and re-run.
[progress] folder create error: drive_folder_id=1qYBKfZ1ZIIJ7uuqJ7pkBt_ZlWjLEHyQV error=AuthTokenError: Lark API returned 401 Unauthorized. Refresh token settings (LARK_ACCESS_TOKEN or LARK_APP_ID/LARK_APP_SECRET) and re-run.
[progress] folder create error: drive_folder_id=1sToiy21Rbu9D0T5ftzVefO6rJsJrC5DH error=AuthTokenError: Lark API returned 401 Unauthorized. Refresh token settings (LARK_ACCESS_TOKEN or LARK_APP_ID/LARK_APP_SECRET) and re-run.
[progress] folder create error: drive_folder_id=1dHSTDbQXt65H8ENHC2MveWW_c-uDrtDh error=AuthTokenError: Lark API returned 401 Unauthorized. Refresh token settings (LARK_ACCESS_TOKEN or LARK_APP_ID/LARK_APP_SECRET) and re-run.
[progress] folder create error: drive_folder_id=16oR0NXcYL1DrWtt4ZTVPIm6AovsxszWw error=AuthTokenError: Lark API returned 401 Unauthorized. Refresh token settings (LARK_ACCESS_TOKEN or LARK_APP_ID/LARK_APP_SECRET) and re-run.
[progress] folder create error: drive_folder_id=122JnWtS9RK1cDdtzex-bF-Omo9Ace_ge error=AuthTokenError: Lark API returned 401 Unauthorized. Refresh token settings (LARK_ACCESS_TOKEN or LARK_APP_ID/LARK_APP_SECRET) and re-run.
[progress] folder create error: drive_folder_id=1WN0cqHVyx3Mu2WXdjrxfVfPgLekZTHwL error=AuthTokenError: Lark API returned 401 Unauthorized. Refresh token settings (LARK_ACCESS_TOKEN or LARK_APP_ID/LARK_APP_SECRET) and re-run.
[progress] folder create error: drive_folder_id=1bZsJD1Y7FVn-3Hu9TkXR-hGB8yR9QTdd error=AuthTokenError: Lark API returned 401 Unauthorized. Refresh token settings (LARK_ACCESS_TOKEN or LARK_APP_ID/LARK_APP_SECRET) and re-run.
[progress] folder create error: drive_folder_id=17URtNPv-e4qa2v0rX2aG-Qk1ugf9CyZI error=AuthTokenError: Lark API returned 401 Unauthorized. Refresh token settings (LARK_ACCESS_TOKEN or LARK_APP_ID/LARK_APP_SECRET) and re-run.
[progress] folder create error: drive_folder_id=1KnW64pX5cYINSW8k6xjXiynYTS1LRe-N error=AuthTokenError: Lark API returned 401 Unauthorized. Refresh token settings (LARK_ACCESS_TOKEN or LARK_APP_ID/LARK_APP_SECRET) and re-run.
[progress] folder create error: drive_folder_id=1yaxDJE6kJbWG3kzkPsgThHmszc-CAVW_ error=AuthTokenError: Lark API returned 401 Unauthorized. Refresh token settings (LARK_ACCESS_TOKEN or LARK_APP_ID/LARK_APP_SECRET) and re-run.
[progress] folder create error: drive_folder_id=1ZUX2d7Txybz7wDTvqcAQOB8PfDbeMu4U error=AuthTokenError: Lark API returned 401 Unauthorized. Refresh token settings (LARK_ACCESS_TOKEN or LARK_APP_ID/LARK_APP_SECRET) and re-run.
[progress] folder create error: drive_folder_id=1az1dl2EVY0orPsACXLbu6sawZ8fQD-XC error=AuthTokenError: Lark API returned 401 Unauthorized. Refresh token settings (LARK_ACCESS_TOKEN or LARK_APP_ID/LARK_APP_SECRET) and re-run.
[progress] folder create error: drive_folder_id=146ioUUAN6rQ51CI01ckue08J6ym7GAXt error=AuthTokenError: Lark API returned 401 Unauthorized. Refresh token settings (LARK_ACCESS_TOKEN or LARK_APP_ID/LARK_APP_SECRET) and re-run.
[progress] folder create error: drive_folder_id=1XM3aiFBiFlVtDyvUFFbA69pum9M3vnOQ error=AuthTokenError: Lark API returned 401 Unauthorized. Refresh token settings (LARK_ACCESS_TOKEN or LARK_APP_ID/LARK_APP_SECRET) and re-run.
[progress] folder create error: drive_folder_id=1qrI3kPSBSc7ZotxaGEjSo0KcbuFZsJPQ error=AuthTokenError: Lark API returned 401 Unauthorized. Refresh token settings (LARK_ACCESS_TOKEN or LARK_APP_ID/LARK_APP_SECRET) and re-run.
[progress] folder create error: drive_folder_id=1NB2b58CNZ2ymCGn84RM8ghyx0sMM-fpL error=AuthTokenError: Lark API returned 401 Unauthorized. Refresh token settings (LARK_ACCESS_TOKEN or LARK_APP_ID/LARK_APP_SECRET) and re-run.
[progress] folder create error: drive_folder_id=1BFS91M4WEKwIvAcwDnE2ElSC5tcGjaE3 error=AuthTokenError: Lark API returned 401 Unauthorized. Refresh token settings (LARK_ACCESS_TOKEN or LARK_APP_ID/LARK_APP_SECRET) and re-run.
[progress] folder create error: drive_folder_id=1-lgoZcHWCAUR1cJEH7IJF_Waowp4dmzA error=AuthTokenError: Lark API returned 401 Unauthorized. Refresh token settings (LARK_ACCESS_TOKEN or LARK_APP_ID/LARK_APP_SECRET) and re-run.
[progress] folder create error: drive_folder_id=1rKVr9aflyG6enjSHqqvlfYsB4muy6nYU error=AuthTokenError: Lark API returned 401 Unauthorized. Refresh token settings (LARK_ACCESS_TOKEN or LARK_APP_ID/LARK_APP_SECRET) and re-run.
[progress] folder create error: drive_folder_id=1NkqqtUzfAlAq505oXjtL4YXbHbCrmEuP error=AuthTokenError: Lark API returned 401 Unauthorized. Refresh token settings (LARK_ACCESS_TOKEN or LARK_APP_ID/LARK_APP_SECRET) and re-run.
[progress] folder create error: drive_folder_id=17N_qkCrOYIYJCu7KVW4uY_nuTpSu3by1 error=AuthTokenError: Lark API returned 401 Unauthorized. Refresh token settings (LARK_ACCESS_TOKEN or LARK_APP_ID/LARK_APP_SECRET) and re-run.
[progress] folder create error: drive_folder_id=1fXfNZmp4QmLOLm3ch-RjNxFToWk35LiY error=AuthTokenError: Lark API returned 401 Unauthorized. Refresh token settings (LARK_ACCESS_TOKEN or LARK_APP_ID/LARK_APP_SECRET) and re-run.
[progress] folder create error: drive_folder_id=1nTZTpoyl1G4CWSsUT2ozkvswty5lMo06 error=AuthTokenError: Lark API returned 401 Unauthorized. Refresh token settings (LARK_ACCESS_TOKEN or LARK_APP_ID/LARK_APP_SECRET) and re-run.
[progress] folder create error: drive_folder_id=1tbQ6b_BcfEta1WmKQEVzzKdckWqgCc9_ error=AuthTokenError: Lark API returned 401 Unauthorized. Refresh token settings (LARK_ACCESS_TOKEN or LARK_APP_ID/LARK_APP_SECRET) and re-run.
[progress] folder create error: drive_folder_id=108VA-BTY1xuQs_XTFih0G4KJtSfaZYXF error=AuthTokenError: Lark API returned 401 Unauthorized. Refresh token settings (LARK_ACCESS_TOKEN or LARK_APP_ID/LARK_APP_SECRET) and re-run.
[progress] folder create error: drive_folder_id=1cJgtiATyTJNWZe6nv0_Io2so0X2NFdHD error=AuthTokenError: Lark API returned 401 Unauthorized. Refresh token settings (LARK_ACCESS_TOKEN or LARK_APP_ID/LARK_APP_SECRET) and re-run.
[progress] folder create error: drive_folder_id=1-s4dJlpc_IR3qeUguSty0PjhJVmsoign error=AuthTokenError: Lark API returned 401 Unauthorized. Refresh token settings (LARK_ACCESS_TOKEN or LARK_APP_ID/LARK_APP_SECRET) and re-run.
[progress] folder create error: drive_folder_id=1pwFzI1htJNpmUxFkW4ATpx9lpj_d7-5W error=AuthTokenError: Lark API returned 401 Unauthorized. Refresh token settings (LARK_ACCESS_TOKEN or LARK_APP_ID/LARK_APP_SECRET) and re-run.
[progress] folder create error: drive_folder_id=1cAsEUQcxvtc4WwWs8vURwuW127b6pmwR error=AuthTokenError: Lark API returned 401 Unauthorized. Refresh token settings (LARK_ACCESS_TOKEN or LARK_APP_ID/LARK_APP_SECRET) and re-run.
[progress] folder create error: drive_folder_id=1B8QbZeC0z5Ik2xaDa5Gcj1GBm4slFBQW error=AuthTokenError: Lark API returned 401 Unauthorized. Refresh token settings (LARK_ACCESS_TOKEN or LARK_APP_ID/LARK_APP_SECRET) and re-run.
[progress] folder create error: drive_folder_id=14nQz_OOG5LAKBFtNrVuW32DzkiWyajiV error=AuthTokenError: Lark API returned 401 Unauthorized. Refresh token settings (LARK_ACCESS_TOKEN or LARK_APP_ID/LARK_APP_SECRET) and re-run.
[progress] folder create error: drive_folder_id=18VkfMTJXTBTrWNJ2azfVqx20_dQHLmYY error=AuthTokenError: Lark API returned 401 Unauthorized. Refresh token settings (LARK_ACCESS_TOKEN or LARK_APP_ID/LARK_APP_SECRET) and re-run.
[progress] upload error: drive_file_id=1bUnlqzcWOILPj2dei7VW7jCEJgFNCqX9 error=HTTPError:HTTP Error 400: Bad Request
[progress] upload start: drive_file_id=1oYbGb6wUDAPm6bmtuDT1Cs4c8euN6hzd name='14. CHUNG THỊ TỐ LOAN 3A.jpg' size_mb=0.5
[progress] folder create error: drive_folder_id=1lNj6GVwyf96DEP5glgmHdb4R5n7a3WyZ error=AuthTokenError: Lark API returned 401 Unauthorized. Refresh token settings (LARK_ACCESS_TOKEN or LARK_APP_ID/LARK_APP_SECRET) and re-run.
[progress] folder create error: drive_folder_id=1ql-rpzZBJmiNckDcLHwyQRys-rzjQqW8 error=AuthTokenError: Lark API returned 401 Unauthorized. Refresh token settings (LARK_ACCESS_TOKEN or LARK_APP_ID/LARK_APP_SECRET) and re-run.
[progress] folder create error: drive_folder_id=1cxGUHHLV_4o5Vwm9lWu6yghjEbubq0Ar error=AuthTokenError: Lark API returned 401 Unauthorized. Refresh token settings (LARK_ACCESS_TOKEN or LARK_APP_ID/LARK_APP_SECRET) and re-run.
[progress] folder create error: drive_folder_id=1NfDlwsoVL_Kr8k8QN3ZAOu0vzHSXQ54R error=AuthTokenError: Lark API returned 401 Unauthorized. Refresh token settings (LARK_ACCESS_TOKEN or LARK_APP_ID/LARK_APP_SECRET) and re-run.
[progress] folder create error: drive_folder_id=1cdxZ6Y-uoI1AHnjYyPBsMsTWJp5S4M75 error=AuthTokenError: Lark API returned 401 Unauthorized. Refresh token settings (LARK_ACCESS_TOKEN or LARK_APP_ID/LARK_APP_SECRET) and re-run.
[progress] folder create error: drive_folder_id=1cPMKrpBo54GvADMSzshzwTJ5JRY5i0R4 error=AuthTokenError: Lark API returned 401 Unauthorized. Refresh token settings (LARK_ACCESS_TOKEN or LARK_APP_ID/LARK_APP_SECRET) and re-run.
[progress] folder create error: drive_folder_id=1eviRz2aoH9svOXagMq4Bjtq4mELiCeOv error=AuthTokenError: Lark API returned 401 Unauthorized. Refresh token settings (LARK_ACCESS_TOKEN or LARK_APP_ID/LARK_APP_SECRET) and re-run.
[progress] folder create error: drive_folder_id=1H4SkdV35QkkHIEr_r60iyfFWy2i_tUpK error=AuthTokenError: Lark API returned 401 Unauthorized. Refresh token settings (LARK_ACCESS_TOKEN or LARK_APP_ID/LARK_APP_SECRET) and re-run.
[progress] folder create error: drive_folder_id=1MrttaeHJyiu_bVQwjMJuoTfXUArwtQr1 error=AuthTokenError: Lark API returned 401 Unauthorized. Refresh token settings (LARK_ACCESS_TOKEN or LARK_APP_ID/LARK_APP_SECRET) and re-run.
[progress] folder create error: drive_folder_id=197VMqy0KKGRaFO2j4wAQpxOaj9cfbP3Z error=AuthTokenError: Lark API returned 401 Unauthorized. Refresh token settings (LARK_ACCESS_TOKEN or LARK_APP_ID/LARK_APP_SECRET) and re-run.
[progress] folder create error: drive_folder_id=1ywHr8svdX1qxHYoPih2_gpKsxNIMv5ya error=AuthTokenError: Lark API returned 401 Unauthorized. Refresh token settings (LARK_ACCESS_TOKEN or LARK_APP_ID/LARK_APP_SECRET) and re-run.
[progress] folder create error: drive_folder_id=1Y1s6Bb1V5L7wBL-zn37bxZtsJoJagwXj error=AuthTokenError: Lark API returned 401 Unauthorized. Refresh token settings (LARK_ACCESS_TOKEN or LARK_APP_ID/LARK_APP_SECRET) and re-run.
[progress] upload error: drive_file_id=1WmS3n1DHrE6z1X_85wj_Ww-_bMRHiylk error=HTTPError:HTTP Error 400: Bad Request
[progress] upload start: drive_file_id=1JlKv1CgK74CsWX93JRSGsCwqHkLkYhFQ name='19. NÔNG THÀNH ĐỨC 3B.jpg' size_mb=0.5
[progress] folder create error: drive_folder_id=1_fEZDSJ_iQtNHdiGNj1ywKPttPbUf3v3 error=AuthTokenError: Lark API returned 401 Unauthorized. Refresh token settings (LARK_ACCESS_TOKEN or LARK_APP_ID/LARK_APP_SECRET) and re-run.
[progress] folder create error: drive_folder_id=1FajsAfDjyZrn9WOEEt5u-oC3W4G3BL14 error=AuthTokenError: Lark API returned 401 Unauthorized. Refresh token settings (LARK_ACCESS_TOKEN or LARK_APP_ID/LARK_APP_SECRET) and re-run.
[progress] folder create error: drive_folder_id=15QLll23mPQeSttUpQTYSIyvmWNOUPhhD error=AuthTokenError: Lark API returned 401 Unauthorized. Refresh token settings (LARK_ACCESS_TOKEN or LARK_APP_ID/LARK_APP_SECRET) and re-run.
[progress] folder create error: drive_folder_id=13P_bZj6ypX7cHpPHoppGjOwZ-T0wYQdd error=AuthTokenError: Lark API returned 401 Unauthorized. Refresh token settings (LARK_ACCESS_TOKEN or LARK_APP_ID/LARK_APP_SECRET) and re-run.
[progress] upload error: drive_file_id=1XxEGnKs8gZyrcHYfXzEpnLITnojMk-jo error=HTTPError:HTTP Error 400: Bad Request
[progress] upload start: drive_file_id=1QzSsH9Opedj9oRK1NaRfjw94114RoimA name='17. NÔNG NGỌC ÁNH 3B.jpg' size_mb=0.2
[progress] folder create error: drive_folder_id=1WgO4EKMQNyUf2OMzbWBMHnsmNio9rz7_ error=AuthTokenError: Lark API returned 401 Unauthorized. Refresh token settings (LARK_ACCESS_TOKEN or LARK_APP_ID/LARK_APP_SECRET) and re-run.
[progress] folder create error: drive_folder_id=1skY_wPvZ-PtUwrUKp4nX74VpEPBUR7CV error=AuthTokenError: Lark API returned 401 Unauthorized. Refresh token settings (LARK_ACCESS_TOKEN or LARK_APP_ID/LARK_APP_SECRET) and re-run.
[progress] folder create error: drive_folder_id=1uRyoeSq22pIlDtYuwGGG2RmRvNFT3RbD error=AuthTokenError: Lark API returned 401 Unauthorized. Refresh token settings (LARK_ACCESS_TOKEN or LARK_APP_ID/LARK_APP_SECRET) and re-run.
[progress] folder create error: drive_folder_id=1IXBOv6324pE7FHvAzfzOEpVsx8AMdrOh error=AuthTokenError: Lark API returned 401 Unauthorized. Refresh token settings (LARK_ACCESS_TOKEN or LARK_APP_ID/LARK_APP_SECRET) and re-run.
[progress] upload error: drive_file_id=1XWf17OE-t4E2A2PuxmuQNs6huK86whb5 error=HTTPError:HTTP Error 400: Bad Request
[progress] upload start: drive_file_id=1x3ipMLQHFwF5caN9xq6SNqolAQSM-Tbb name='09-Dương Anh Tuấn.jpg' size_mb=0.4
[progress] folder create error: drive_folder_id=1iDdO2oy_aDc7N4cHyBcP1KpjMPQsGtDt error=AuthTokenError: Lark API returned 401 Unauthorized. Refresh token settings (LARK_ACCESS_TOKEN or LARK_APP_ID/LARK_APP_SECRET) and re-run.
[progress] folder create error: drive_folder_id=1i_fxGQVyyJbIw-5FKT5nunfbxeT-ARqt error=AuthTokenError: Lark API returned 401 Unauthorized. Refresh token settings (LARK_ACCESS_TOKEN or LARK_APP_ID/LARK_APP_SECRET) and re-run.
[progress] folder create error: drive_folder_id=1GYDCdtVZSZhHnsfdf_beiF-xZjOtbFqK error=AuthTokenError: Lark API returned 401 Unauthorized. Refresh token settings (LARK_ACCESS_TOKEN or LARK_APP_ID/LARK_APP_SECRET) and re-run.
[progress] folder create error: drive_folder_id=18qdFKnaygI_1iupMDEVlcs_Ocseoheki error=AuthTokenError: Lark API returned 401 Unauthorized. Refresh token settings (LARK_ACCESS_TOKEN or LARK_APP_ID/LARK_APP_SECRET) and re-run.
[progress] folder create error: drive_folder_id=1pHkCuX_5JEV2mAmVRffwC18w-Rwbcllk error=AuthTokenError: Lark API returned 401 Unauthorized. Refresh token settings (LARK_ACCESS_TOKEN or LARK_APP_ID/LARK_APP_SECRET) and re-run.
[progress] folder create error: drive_folder_id=1rBQ0oREOij-iaqseOQZ21CktB8hrnJ32 error=AuthTokenError: Lark API returned 401 Unauthorized. Refresh token settings (LARK_ACCESS_TOKEN or LARK_APP_ID/LARK_APP_SECRET) and re-run.
[progress] folder create error: drive_folder_id=1czHoftfEkusjWymqSHz5_QwAkXeVVigV error=AuthTokenError: Lark API returned 401 Unauthorized. Refresh token settings (LARK_ACCESS_TOKEN or LARK_APP_ID/LARK_APP_SECRET) and re-run.
[progress] folder create error: drive_folder_id=1EWbic5ijLmAdArk-CKJEgM9xOmH-4nEc error=AuthTokenError: Lark API returned 401 Unauthorized. Refresh token settings (LARK_ACCESS_TOKEN or LARK_APP_ID/LARK_APP_SECRET) and re-run.
[progress] folder create error: drive_folder_id=1KUemnoz6S81wGS6fkntZqxrIV4IVj1rS error=AuthTokenError: Lark API returned 401 Unauthorized. Refresh token settings (LARK_ACCESS_TOKEN or LARK_APP_ID/LARK_APP_SECRET) and re-run.
[progress] folder create error: drive_folder_id=1YsS43uUUjREI_ZRk3R5jlGvCB-mFeK8U error=AuthTokenError: Lark API returned 401 Unauthorized. Refresh token settings (LARK_ACCESS_TOKEN or LARK_APP_ID/LARK_APP_SECRET) and re-run.
[progress] folder create error: drive_folder_id=1uSB3UpeZ1cc6dhqsDVqiD2rzMyiwVfn5 error=AuthTokenError: Lark API returned 401 Unauthorized. Refresh token settings (LARK_ACCESS_TOKEN or LARK_APP_ID/LARK_APP_SECRET) and re-run.
[progress] folder create error: drive_folder_id=1N6Pe7979IDvC6e2YQc584xl9_ABMeiVs error=AuthTokenError: Lark API returned 401 Unauthorized. Refresh token settings (LARK_ACCESS_TOKEN or LARK_APP_ID/LARK_APP_SECRET) and re-run.
[progress] folder create error: drive_folder_id=1RGks95HD9rq5gJBwZvwCi1PoFxsdT44m error=AuthTokenError: Lark API returned 401 Unauthorized. Refresh token settings (LARK_ACCESS_TOKEN or LARK_APP_ID/LARK_APP_SECRET) and re-run.
[progress] folder create error: drive_folder_id=1yzgZx8h6Lt8FJ6szMw2xePTrVFQh0QwW error=AuthTokenError: Lark API returned 401 Unauthorized. Refresh token settings (LARK_ACCESS_TOKEN or LARK_APP_ID/LARK_APP_SECRET) and re-run.
[progress] folder create error: drive_folder_id=1LU0nKAAnjipkl78Glxo1Xyrd3gy5TQMt error=AuthTokenError: Lark API returned 401 Unauthorized. Refresh token settings (LARK_ACCESS_TOKEN or LARK_APP_ID/LARK_APP_SECRET) and re-run.
[progress] folder create error: drive_folder_id=1fY_BjPbMO4VY_4zzsXosSdh7X1IjdjEy error=AuthTokenError: Lark API returned 401 Unauthorized. Refresh token settings (LARK_ACCESS_TOKEN or LARK_APP_ID/LARK_APP_SECRET) and re-run.
[progress] folder create error: drive_folder_id=1l3tzPWzkB05IieC9g4ZwiKnNev0kw1ZO error=AuthTokenError: Lark API returned 401 Unauthorized. Refresh token settings (LARK_ACCESS_TOKEN or LARK_APP_ID/LARK_APP_SECRET) and re-run.
[progress] folder create error: drive_folder_id=1EYTPl8CyIDi5RxHjeGxOZZV296GL2tHn error=AuthTokenError: Lark API returned 401 Unauthorized. Refresh token settings (LARK_ACCESS_TOKEN or LARK_APP_ID/LARK_APP_SECRET) and re-run.
[progress] folder create error: drive_folder_id=14lO9GUcSfdiHmud1p9vpVgqW8UAMz1TK error=AuthTokenError: Lark API returned 401 Unauthorized. Refresh token settings (LARK_ACCESS_TOKEN or LARK_APP_ID/LARK_APP_SECRET) and re-run.
[progress] folder create error: drive_folder_id=1TcHLh2k6iw8i3oUFBXinEX858EIyVoIX error=AuthTokenError: Lark API returned 401 Unauthorized. Refresh token settings (LARK_ACCESS_TOKEN or LARK_APP_ID/LARK_APP_SECRET) and re-run.
[progress] folder create error: drive_folder_id=1d4d8vJ710_ibZ1ZmZ1POQshh3-QwqNkk error=AuthTokenError: Lark API returned 401 Unauthorized. Refresh token settings (LARK_ACCESS_TOKEN or LARK_APP_ID/LARK_APP_SECRET) and re-run.
[progress] folder create error: drive_folder_id=1wbaIdx5MZsN6TZKhz8CHmtGAkT1-A5FW error=AuthTokenError: Lark API returned 401 Unauthorized. Refresh token settings (LARK_ACCESS_TOKEN or LARK_APP_ID/LARK_APP_SECRET) and re-run.
[progress] folder create error: drive_folder_id=183PXx2tg-PXSBnSwT10BrJS2k4bqiwpm error=AuthTokenError: Lark API returned 401 Unauthorized. Refresh token settings (LARK_ACCESS_TOKEN or LARK_APP_ID/LARK_APP_SECRET) and re-run.
[progress] upload error: drive_file_id=1oYbGb6wUDAPm6bmtuDT1Cs4c8euN6hzd error=HTTPError:HTTP Error 400: Bad Request
[progress] upload start: drive_file_id=1BfIuJLoe59-SjheS63zaIuKxhCGnUotu name='24_Phạm Thảo My.jpg' size_mb=0.7
[progress] upload error: drive_file_id=1JlKv1CgK74CsWX93JRSGsCwqHkLkYhFQ error=HTTPError:HTTP Error 400: Bad Request
[progress] upload start: drive_file_id=1NxrL6OdcI4lk0Pr24h8cfkdU6kmmUUxx name='45_Triệu Thị Phuong Anh.jpg' size_mb=0.2
[progress] upload error: drive_file_id=1QzSsH9Opedj9oRK1NaRfjw94114RoimA error=HTTPError:HTTP Error 400: Bad Request
[progress] upload start: drive_file_id=1eWylJcgxV65hUWbcxrHtwHMcIwGI_BWU name='40_Triệu Thị Mủi.jpg' size_mb=0.3
[progress] upload error: drive_file_id=1x3ipMLQHFwF5caN9xq6SNqolAQSM-Tbb error=HTTPError:HTTP Error 400: Bad Request
[progress] upload start: drive_file_id=1bYng42uqIIBoVPjI546dZJhjLel4ltuW name='GIẤY XÁC NHẬN NHẬN TIỀN.pdf' size_mb=2.3
[progress] upload error: drive_file_id=1eWylJcgxV65hUWbcxrHtwHMcIwGI_BWU error=HTTPError:HTTP Error 400: Bad Request
[progress] files: uploaded=0 failed=10
[progress] upload start: drive_file_id=1SeOYIg6-_o72cxr_saRN8MIaLmkLZgSI name='GIẤY XÁC NHẬN NHẬN TIỀN.docx' size_mb=2.5
[progress] upload error: drive_file_id=1NxrL6OdcI4lk0Pr24h8cfkdU6kmmUUxx error=HTTPError:HTTP Error 400: Bad Request
[progress] upload start: drive_file_id=1bIOS4Xuslmg3kdbpg-2w9NFTOu8YPHNT name='40- Hoàng Thảo Quyên.docx' size_mb=1.4
[progress] upload error: drive_file_id=1BfIuJLoe59-SjheS63zaIuKxhCGnUotu error=HTTPError:HTTP Error 400: Bad Request
[progress] upload start: drive_file_id=1kc39OJmKUaaN1uIVj5XjbGZ-F4bU44un name='79. Hoàng Văn Vần 2E.jpg' size_mb=0.2
[progress] upload error: drive_file_id=1bYng42uqIIBoVPjI546dZJhjLel4ltuW error=HTTPError:HTTP Error 400: Bad Request
[progress] upload start: drive_file_id=1jmOxiYFCYduZtbqIlz5rkF9-FSEHVkfD name='75. Triệu Quỳnh Anh 1E.jpg' size_mb=0.1
[progress] upload error: drive_file_id=1bIOS4Xuslmg3kdbpg-2w9NFTOu8YPHNT error=HTTPError:HTTP Error 400: Bad Request
[progress] upload start: drive_file_id=1NViFYzX-4ugGIIPXaSpBjhGoYbnGZ-AK name='71. Triệu Thị Mai B 1E.jpg' size_mb=0.1
[progress] upload error: drive_file_id=1kc39OJmKUaaN1uIVj5XjbGZ-F4bU44un error=HTTPError:HTTP Error 400: Bad Request
[progress] upload start: drive_file_id=1FwSVK1FgCFUNTeT6IifjpZQKEn0T-Mte name='70. Triệu Thị Mai 1E.jpg' size_mb=0.1
[progress] upload error: drive_file_id=1SeOYIg6-_o72cxr_saRN8MIaLmkLZgSI error=HTTPError:HTTP Error 400: Bad Request
[progress] upload start: drive_file_id=18SlrpU4mUQefo9zT1bD2uoPLo_DybfGz name='69. Triệu Hồng Quan 1E.jpg' size_mb=0.1
[progress] upload error: drive_file_id=1jmOxiYFCYduZtbqIlz5rkF9-FSEHVkfD error=HTTPError:HTTP Error 400: Bad Request
[progress] upload start: drive_file_id=1Ux4BVCY9jGBFK3bYyZlS7MKpdlXydfSn name='67. Triệu Nhật Vượng 1E.jpg' size_mb=0.1
[progress] upload error: drive_file_id=1NViFYzX-4ugGIIPXaSpBjhGoYbnGZ-AK error=HTTPError:HTTP Error 400: Bad Request
[progress] upload start: drive_file_id=1unELN7WL9g-MkEWLF0duA9v_XTCRKHJ0 name='29.Triêu Văn Lâm 1B.jpg' size_mb=0.2
[progress] upload error: drive_file_id=1FwSVK1FgCFUNTeT6IifjpZQKEn0T-Mte error=HTTPError:HTTP Error 400: Bad Request
[progress] upload start: drive_file_id=1h4pPAD7TJtQo8ukCLFyG0GxV680T_wVM name='55 - Vàng A Thái.jpg' size_mb=0.2
[progress] upload error: drive_file_id=18SlrpU4mUQefo9zT1bD2uoPLo_DybfGz error=HTTPError:HTTP Error 400: Bad Request
[progress] files: uploaded=0 failed=20
[progress] upload start: drive_file_id=15L1xKqxt1XAlLqYC6qkmyRScyHIsloCG name='63 - Vàng A Sinh.jpg' size_mb=0.3
[progress] upload error: drive_file_id=1unELN7WL9g-MkEWLF0duA9v_XTCRKHJ0 error=HTTPError:HTTP Error 400: Bad Request
[progress] upload start: drive_file_id=156k50buTxXIVdi_mJ8FZe_KPS8O2AuYz name='67 - Lò Văn Thịnh.jpg' size_mb=0.2
[progress] upload error: drive_file_id=1h4pPAD7TJtQo8ukCLFyG0GxV680T_wVM error=HTTPError:HTTP Error 400: Bad Request
[progress] upload start: drive_file_id=1k1chnOogOx52xFJRd6jrTUUVPVaueFSQ name='65 - Vì Ngọc Hoàn.jpg' size_mb=0.1
[progress] upload error: drive_file_id=1Ux4BVCY9jGBFK3bYyZlS7MKpdlXydfSn error=HTTPError:HTTP Error 400: Bad Request
[progress] upload start: drive_file_id=11JTuqjXCbEYP7rGV1_3eEVNNKGbGiERy name='10-Tráng Thị Phi Huyền.jpg' size_mb=0.2
[progress] upload error: drive_file_id=15L1xKqxt1XAlLqYC6qkmyRScyHIsloCG error=HTTPError:HTTP Error 400: Bad Request
[progress] upload start: drive_file_id=13urNVQmF-6fcBx09PYnMawLlZq961BF0 name='11 - LÒ THỊ HUYỀN TRANG.jpg' size_mb=0.2
[progress] upload error: drive_file_id=156k50buTxXIVdi_mJ8FZe_KPS8O2AuYz error=HTTPError:HTTP Error 400: Bad Request
[progress] upload start: drive_file_id=1Kxn2Mv3rG3lNIKRsFRTNBDWzazmHwWLU name='66 - Vì Công Thành.jpg' size_mb=0.2
[progress] upload error: drive_file_id=1k1chnOogOx52xFJRd6jrTUUVPVaueFSQ error=HTTPError:HTTP Error 400: Bad Request
[progress] upload start: drive_file_id=17UBQbQzBk_jBqlu4pH00WqDVLUcFIEVA name='51 - Hạng A Dông.jpg' size_mb=0.1
[progress] upload error: drive_file_id=11JTuqjXCbEYP7rGV1_3eEVNNKGbGiERy error=HTTPError:HTTP Error 400: Bad Request
[progress] upload start: drive_file_id=1rHjAZ8xwhd8wQGkyhwEow0ZucP50l8LL name='52 - Giàng A Dơ.jpg' size_mb=0.2
[progress] upload error: drive_file_id=13urNVQmF-6fcBx09PYnMawLlZq961BF0 error=HTTPError:HTTP Error 400: Bad Request
[progress] upload start: drive_file_id=1vwgnuynDUV7VFBRLmQdZzuy66A2FmwUO name='89.Triệu Thị Phương.jpg' size_mb=0.1
[progress] upload error: drive_file_id=1rHjAZ8xwhd8wQGkyhwEow0ZucP50l8LL error=HTTPError:HTTP Error 400: Bad Request
[progress] upload start: drive_file_id=19pGDChu469aIaacDvgbbmKQTWjVafj95 name='93.Phùng Nguyên Tuấn.jpg' size_mb=0.1
[progress] upload error: drive_file_id=1Kxn2Mv3rG3lNIKRsFRTNBDWzazmHwWLU error=HTTPError:HTTP Error 400: Bad Request
[progress] files: uploaded=0 failed=30
[progress] upload start: drive_file_id=1UZBtyPemG-E5NygUkP6DpUj_BFUV5D45 name='18 Đặng Chiều Quẩy 5C.jpg' size_mb=0.1
[progress] upload error: drive_file_id=17UBQbQzBk_jBqlu4pH00WqDVLUcFIEVA error=HTTPError:HTTP Error 400: Bad Request
[progress] upload start: drive_file_id=1nwS51LYUdH7uh-twJdEEqAcmwwe_pMla name='80. Bàn Ngọc Tuấn.4D.jpg' size_mb=0.5
[progress] upload error: drive_file_id=1vwgnuynDUV7VFBRLmQdZzuy66A2FmwUO error=HTTPError:HTTP Error 400: Bad Request
[progress] upload start: drive_file_id=1o76lWH2d0_Fl4B-MTfbQeTcRF5EulDuw name='79. Lương thị Diễm Quỳnh.4D.jpg' size_mb=0.4
[progress] upload error: drive_file_id=1UZBtyPemG-E5NygUkP6DpUj_BFUV5D45 error=HTTPError:HTTP Error 400: Bad Request
[progress] upload start: drive_file_id=1LzBfCOz-OyRxjKuypik7pyZQmMO-dfpI name='78. Triệu Thị Thùy Trang.4D.jpg' size_mb=0.5
[progress] upload error: drive_file_id=19pGDChu469aIaacDvgbbmKQTWjVafj95 error=HTTPError:HTTP Error 400: Bad Request
[progress] upload start: drive_file_id=1q7yUnnifyOhfpCIFBR4Bik77C6IvaQz- name='77. Triệu Thị Thanh Ngọc.4D.jpg' size_mb=0.6
[progress] upload error: drive_file_id=1nwS51LYUdH7uh-twJdEEqAcmwwe_pMla error=HTTPError:HTTP Error 400: Bad Request
[progress] upload start: drive_file_id=1jGmJKbWlYw4wF9NWYXQUUCCH30iEQ8xc name='56. Triệu Nguyên Tuấn.5D.jpg' size_mb=0.6
[progress] upload error: drive_file_id=1o76lWH2d0_Fl4B-MTfbQeTcRF5EulDuw error=HTTPError:HTTP Error 400: Bad Request
[progress] upload start: drive_file_id=1UiANyNtj1XiuU8EoTpNjs6Z1gM4NdiGo name='55. Triệu Tòn Sính.5D.jpg' size_mb=0.6
[progress] upload error: drive_file_id=1LzBfCOz-OyRxjKuypik7pyZQmMO-dfpI error=HTTPError:HTTP Error 400: Bad Request
[progress] upload start: drive_file_id=1lnFnnmvda_P6lrdw4AKWXgmmqxCvPP9x name='54. Triệu Kim Nguyện.5D.jpg' size_mb=0.6
[progress] upload error: drive_file_id=1jGmJKbWlYw4wF9NWYXQUUCCH30iEQ8xc error=HTTPError:HTTP Error 400: Bad Request
[progress] upload start: drive_file_id=1X5GZM8oGLq1kq4QRhcaVmIDlJl-uNNxE name='53. Triệu Thị Nghình.5D.jpg' size_mb=0.8
[progress] upload error: drive_file_id=1q7yUnnifyOhfpCIFBR4Bik77C6IvaQz- error=HTTPError:HTTP Error 400: Bad Request
[progress] upload start: drive_file_id=13g74DABAFYOtGzbfoA8Fug8O_dfoSRhN name='52. Triệu Thị Náy.5D.jpg' size_mb=0.7
[progress] upload error: drive_file_id=1UiANyNtj1XiuU8EoTpNjs6Z1gM4NdiGo error=HTTPError:HTTP Error 400: Bad Request
[progress] files: uploaded=0 failed=40
[progress] upload start: drive_file_id=1Q8jB88gwOiBhRef88SoU4jx1Sbh_NLaR name='51. Triệu Nguyên Hải.5D.jpg' size_mb=0.8
[progress] upload error: drive_file_id=1lnFnnmvda_P6lrdw4AKWXgmmqxCvPP9x error=HTTPError:HTTP Error 400: Bad Request
[progress] upload start: drive_file_id=1FvND_x5PJSNTP8u3KMv0stKyZvObySxe name='50. Bàn Ngọc Thủy.5C.jpg' size_mb=0.3
[progress] discovery: scanned=1900
[progress] upload error: drive_file_id=1X5GZM8oGLq1kq4QRhcaVmIDlJl-uNNxE error=HTTPError:HTTP Error 400: Bad Request
[progress] upload start: drive_file_id=1zu2R8j6bL5PEe8ip3N55Dl02mHZYBiY3 name='49. Bàn Tiến Sơn.5C.jpg' size_mb=0.3
[progress] upload error: drive_file_id=13g74DABAFYOtGzbfoA8Fug8O_dfoSRhN error=HTTPError:HTTP Error 400: Bad Request
[progress] upload start: drive_file_id=1odYP8ekjQN2mg0qofyHxKBlLbXBOSMSV name='48. Triệu Hải Nam.5C.jpg' size_mb=0.3
[progress] upload error: drive_file_id=1Q8jB88gwOiBhRef88SoU4jx1Sbh_NLaR error=HTTPError:HTTP Error 400: Bad Request
[progress] upload start: drive_file_id=1zyH8HuQVEKovD6hX2V5VvnylzcUhhYsO name='47. Triệu Thị Líu.5C.jpg' size_mb=0.3
[progress] upload error: drive_file_id=1FvND_x5PJSNTP8u3KMv0stKyZvObySxe error=HTTPError:HTTP Error 400: Bad Request
[progress] upload start: drive_file_id=1oT6OZz-Po7hAMj3VpBUMXjdQmxmMaxEn name='46. Triệu Văn Ton.5B.jpg' size_mb=0.4
[progress] upload error: drive_file_id=1zu2R8j6bL5PEe8ip3N55Dl02mHZYBiY3 error=HTTPError:HTTP Error 400: Bad Request
[progress] upload start: drive_file_id=14GoCgGKEruYeK357HBF1aHzGHK4rBwba name='45. Bàn Thị Ngọc.5B.jpg' size_mb=0.4
[progress] upload error: drive_file_id=1odYP8ekjQN2mg0qofyHxKBlLbXBOSMSV error=HTTPError:HTTP Error 400: Bad Request
[progress] upload start: drive_file_id=19UH0ZHdnk7SKM-8eOqhBXrzaTDedQIY8 name='44. Phạm Thị Lệ.5B.jpg' size_mb=0.5
[progress] upload error: drive_file_id=1zyH8HuQVEKovD6hX2V5VvnylzcUhhYsO error=HTTPError:HTTP Error 400: Bad Request
[progress] upload start: drive_file_id=196XcEiqXiapFy_y6To25qxN6ND08lh_H name='43. Lương Quang Ánh.5B.jpg' size_mb=0.6
[progress] upload error: drive_file_id=14GoCgGKEruYeK357HBF1aHzGHK4rBwba error=HTTPError:HTTP Error 400: Bad Request
[progress] upload start: drive_file_id=1-LE9ee2ST7bY7EyUTVzUxuS6reGChYkq name='42. Phùng Khang An.5B.jpg' size_mb=0.4
[progress] upload error: drive_file_id=1oT6OZz-Po7hAMj3VpBUMXjdQmxmMaxEn error=HTTPError:HTTP Error 400: Bad Request
[progress] files: uploaded=0 failed=50
[progress] upload start: drive_file_id=1VHniSACGDDh2LlMX9kEPotqLmDCZoZt9 name='41. Lự Tuấn Vũ.5A.jpg' size_mb=0.5
[progress] upload error: drive_file_id=19UH0ZHdnk7SKM-8eOqhBXrzaTDedQIY8 error=HTTPError:HTTP Error 400: Bad Request
[progress] upload start: drive_file_id=1fSv-bOckrqO-90_Rl2xTV911h0MottAy name='40. Lý Ngọc Duy.5A.jpg' size_mb=0.4
[progress] upload error: drive_file_id=196XcEiqXiapFy_y6To25qxN6ND08lh_H error=HTTPError:HTTP Error 400: Bad Request
[progress] upload start: drive_file_id=1a5uO7XwnyvcW_4TquIkTW-kVSRa8aiyb name='76. Đặng Phương Bảo.4C.jpg' size_mb=0.7
[progress] upload error: drive_file_id=1-LE9ee2ST7bY7EyUTVzUxuS6reGChYkq error=HTTPError:HTTP Error 400: Bad Request
[progress] upload start: drive_file_id=1xzP31Fe3ESihMuCOSgHpqma0V5xfUB6C name='75. Dặng Ông Nhỉ.4C.jpg' size_mb=0.6
[progress] upload error: drive_file_id=1fSv-bOckrqO-90_Rl2xTV911h0MottAy error=HTTPError:HTTP Error 400: Bad Request
[progress] upload start: drive_file_id=1pcCnn5OWNb7aP-cll5Ad95ZIIR3aVVGs name='74.Triệu Thị Thu.4C.jpg' size_mb=0.6
[progress] upload error: drive_file_id=1VHniSACGDDh2LlMX9kEPotqLmDCZoZt9 error=HTTPError:HTTP Error 400: Bad Request
[progress] upload start: drive_file_id=192t7JNLFFobnTxScO-wnOLDMmnaPg0Nd name='73. Triệu Khởi Tâm.4C.jpg' size_mb=0.6
[progress] upload error: drive_file_id=1xzP31Fe3ESihMuCOSgHpqma0V5xfUB6C error=HTTPError:HTTP Error 400: Bad Request
[progress] upload start: drive_file_id=1tfVXphloK03kRyFXoDG6zvn5zORB44GG name='72. Triệu Nguyên Hiển.4C.jpg' size_mb=0.8
[progress] upload error: drive_file_id=1a5uO7XwnyvcW_4TquIkTW-kVSRa8aiyb error=HTTPError:HTTP Error 400: Bad Request
[progress] upload start: drive_file_id=1T4EuvHnh5imwXvlTzc50htvcUwQi5ATD name='71. Triệu Thị Ngọc Hà.4C.jpg' size_mb=0.8
[progress] upload error: drive_file_id=1pcCnn5OWNb7aP-cll5Ad95ZIIR3aVVGs error=HTTPError:HTTP Error 400: Bad Request
[progress] upload start: drive_file_id=1ihNHMcgvzhIQ1SjcBa4kntXP-WzaYwxU name='70. Lự Ánh Dương.4C.jpg' size_mb=0.2
[progress] upload error: drive_file_id=192t7JNLFFobnTxScO-wnOLDMmnaPg0Nd error=HTTPError:HTTP Error 400: Bad Request
[progress] upload start: drive_file_id=1ewbyhashP-DzwwkSpdCGPaVaWtDHxPk2 name='69. Bàn Kim Vượng.4B.jpg' size_mb=1.3
[progress] upload error: drive_file_id=1T4EuvHnh5imwXvlTzc50htvcUwQi5ATD error=HTTPError:HTTP Error 400: Bad Request
[progress] files: uploaded=0 failed=60
[progress] upload start: drive_file_id=1HLCvzifEUKnLv6Y3H-RR4LrxoR8N9f1q name='68. Triệu thị Kim Vi.4B.jpg' size_mb=1.5
[progress] upload error: drive_file_id=1tfVXphloK03kRyFXoDG6zvn5zORB44GG error=HTTPError:HTTP Error 400: Bad Request
[progress] upload start: drive_file_id=1BngOzdyxJy37zIGQw5e1SWHgGjiOGmVS name='67. Triệu Thị Thúy.4B.jpg' size_mb=1.4
[progress] upload error: drive_file_id=1ewbyhashP-DzwwkSpdCGPaVaWtDHxPk2 error=HTTPError:HTTP Error 400: Bad Request
[progress] upload start: drive_file_id=1xNGhnIqzpnGvVmNm8waH_yjocBSqnxqW name='66. Triệu Khánh Duy.4B.jpg' size_mb=0.3
[progress] upload error: drive_file_id=1ihNHMcgvzhIQ1SjcBa4kntXP-WzaYwxU error=HTTPError:HTTP Error 400: Bad Request
[progress] upload start: drive_file_id=1VrLOCu5tTo0Suon-HtwNTxOI4hMZOidB name='66. Triệu Khánh Duy.4B.jpg' size_mb=0.3
[progress] upload error: drive_file_id=1HLCvzifEUKnLv6Y3H-RR4LrxoR8N9f1q error=HTTPError:HTTP Error 400: Bad Request
[progress] upload start: drive_file_id=1ipcyuClZdVKS5hkHsd3A57jok9Kcyb1Q name='65. Hà Ngọc Đạt.4B.jpg' size_mb=1.0
[progress] upload error: drive_file_id=1BngOzdyxJy37zIGQw5e1SWHgGjiOGmVS error=HTTPError:HTTP Error 400: Bad Request
[progress] upload start: drive_file_id=10NITilE3kpxKiZe_UhFfq2aPsxMhcChR name='64. Triệu Văn Tuấn.4B.jpg' size_mb=1.2
[progress] upload error: drive_file_id=1VrLOCu5tTo0Suon-HtwNTxOI4hMZOidB error=HTTPError:HTTP Error 400: Bad Request
[progress] upload start: drive_file_id=1bxWIpRPvzrcUUHMNloPRCHVjJULOqJ2p name='63. Phạm Văn Duy.4A.jpg' size_mb=1.0
[progress] upload error: drive_file_id=1xNGhnIqzpnGvVmNm8waH_yjocBSqnxqW error=HTTPError:HTTP Error 400: Bad Request
[progress] upload start: drive_file_id=1K0sEmrS7yvyJczDsXsJQNOlyalQH4Kug name='59. Triệu Đức Thiện.4A.jpg' size_mb=0.6
[progress] upload error: drive_file_id=1ipcyuClZdVKS5hkHsd3A57jok9Kcyb1Q error=HTTPError:HTTP Error 400: Bad Request
[progress] upload start: drive_file_id=1xLzXG7KoaUd8-ar8GfFKBhXbd-0G-NCR name='60. Triệu Thị Thúy.4A.jpg' size_mb=1.0
[progress] upload error: drive_file_id=10NITilE3kpxKiZe_UhFfq2aPsxMhcChR error=HTTPError:HTTP Error 400: Bad Request
[progress] upload start: drive_file_id=1gILf9jN6k2s6r1ySkdCOwR9udir9PPxF name='57. Triệu Văn Đức.4A.jpg' size_mb=0.8
[progress] upload error: drive_file_id=1K0sEmrS7yvyJczDsXsJQNOlyalQH4Kug error=HTTPError:HTTP Error 400: Bad Request
[progress] files: uploaded=0 failed=70
[progress] upload start: drive_file_id=1oDwGXU_JquQoajCIh-nNpHX36t1BcVo1 name='62. Quang Thị Bích Ngọc.4Aa.jpg' size_mb=0.8
[progress] upload error: drive_file_id=1bxWIpRPvzrcUUHMNloPRCHVjJULOqJ2p error=HTTPError:HTTP Error 400: Bad Request
[progress] upload start: drive_file_id=1RUmj3IAInC57xyl7Fx2fQVRYYFa_3GfV name='61. Lương Thị Huệ.4A.jpg' size_mb=0.9
[progress] upload error: drive_file_id=1gILf9jN6k2s6r1ySkdCOwR9udir9PPxF error=HTTPError:HTTP Error 400: Bad Request
[progress] upload start: drive_file_id=1YjM-0nkuIrm6ONcCdPwmFJJfPRDvuep_ name='58.Triệu Chí Kiên.4A.jpg' size_mb=0.7
[progress] upload error: drive_file_id=1xLzXG7KoaUd8-ar8GfFKBhXbd-0G-NCR error=HTTPError:HTTP Error 400: Bad Request
[progress] upload start: drive_file_id=1X6L4sNW8k1Dv-JZVJN4pIMdKjugMsF4T name='12. Bàn Tiến Lộc.3D.jpg' size_mb=0.1
[progress] upload error: drive_file_id=1oDwGXU_JquQoajCIh-nNpHX36t1BcVo1 error=HTTPError:HTTP Error 400: Bad Request
[progress] upload start: drive_file_id=1YtGyypEaVziqTa0Flx9Ks1x0MHJLq_VG name='11. Triệu Kim Tuyết.3D.jpg' size_mb=0.2
[progress] upload error: drive_file_id=1RUmj3IAInC57xyl7Fx2fQVRYYFa_3GfV error=HTTPError:HTTP Error 400: Bad Request
[progress] upload start: drive_file_id=1XjZoQO31mZjbB-ID4J5j2JB2JcjbtO3S name='10. Triệu Thị Mấy.3D.jpg' size_mb=0.2
[progress] upload error: drive_file_id=1X6L4sNW8k1Dv-JZVJN4pIMdKjugMsF4T error=HTTPError:HTTP Error 400: Bad Request
[progress] upload start: drive_file_id=1QxBOjRlzaDyFWyqnNqKtJxJNy0g94qv8 name='9. Triệu Văn An.3C.jpg' size_mb=0.1
[progress] upload error: drive_file_id=1YjM-0nkuIrm6ONcCdPwmFJJfPRDvuep_ error=HTTPError:HTTP Error 400: Bad Request
[progress] upload start: drive_file_id=1nQg0ogSa8pYJ1YCaZWNcnHb0qCTodmDD name='8. Triệu Ông Chản.3C.jpg' size_mb=0.1
[progress] upload error: drive_file_id=1YtGyypEaVziqTa0Flx9Ks1x0MHJLq_VG error=HTTPError:HTTP Error 400: Bad Request
[progress] upload start: drive_file_id=1-2p3CApxfCMPnjbkhZB2e6J0WdxtsWE- name='7. Đặng Phúc Tài.3C.jpg' size_mb=0.1
[progress] upload error: drive_file_id=1XjZoQO31mZjbB-ID4J5j2JB2JcjbtO3S error=HTTPError:HTTP Error 400: Bad Request
[progress] upload start: drive_file_id=1zMbz9chzSrDHCMFuYqrAIQ76nm-FNXig name='6. Lý Haỉ Yến.3B.jpg' size_mb=0.2
[progress] upload error: drive_file_id=1QxBOjRlzaDyFWyqnNqKtJxJNy0g94qv8 error=HTTPError:HTTP Error 400: Bad Request
[progress] files: uploaded=0 failed=80
[progress] upload start: drive_file_id=1rmCZhJ55RCb8zQ8zA36O7qGKNE-ZpMwX name='5. Quang Thị Kim Tuyết.jpg' size_mb=0.2
[progress] upload error: drive_file_id=1nQg0ogSa8pYJ1YCaZWNcnHb0qCTodmDD error=HTTPError:HTTP Error 400: Bad Request
[progress] upload start: drive_file_id=1XrdMyybfneEgEvXUI2rrSCENBkC2eWEq name='4. Triệu Thị sính.3B.jpg' size_mb=0.2
[progress] upload error: drive_file_id=1-2p3CApxfCMPnjbkhZB2e6J0WdxtsWE- error=HTTPError:HTTP Error 400: Bad Request
[progress] upload start: drive_file_id=1sRsa3FRVO1iMPpePXY-O-VBWumOF_EGQ name='4. Triệu Thị sính.3B.jpg' size_mb=0.2
[progress] heartbeat: folder_q=0 file_q=200 discovered=1941 folders_created=0 files_uploaded=0 bytes_uploaded_mb=0.0 files_failed=82
[progress] upload error: drive_file_id=1zMbz9chzSrDHCMFuYqrAIQ76nm-FNXig error=HTTPError:HTTP Error 400: Bad Request
[progress] upload start: drive_file_id=1FrqUAI4mWziVyzzCwGz0UFHaBH05hfj0 name='3. Triệu Thị Hà Linh. 3A.jpg' size_mb=0.2
[progress] upload error: drive_file_id=1XrdMyybfneEgEvXUI2rrSCENBkC2eWEq error=HTTPError:HTTP Error 400: Bad Request
[progress] upload start: drive_file_id=1lJplDtW1CtyCmEUBsgTKcYbuEL-QBN64 name='2. Triệu Kim Sinh. Lớp 3A.jpg' size_mb=0.2
[progress] upload error: drive_file_id=1rmCZhJ55RCb8zQ8zA36O7qGKNE-ZpMwX error=HTTPError:HTTP Error 400: Bad Request
[progress] upload start: drive_file_id=1qT_IQGlbqJ6_cFHKqJvq0MlYt1Fk9K6k name='1. Lý Thúy Nga. Lớp 3A.jpg' size_mb=0.2
[progress] upload error: drive_file_id=1sRsa3FRVO1iMPpePXY-O-VBWumOF_EGQ error=HTTPError:HTTP Error 400: Bad Request
[progress] upload start: drive_file_id=1iy50XnfwCQHpQIhIVULJrVUG3xNvdtd_ name='57_ Vàng Thu Duyên- Lớp 5B.jpg' size_mb=0.1
[progress] upload error: drive_file_id=1FrqUAI4mWziVyzzCwGz0UFHaBH05hfj0 error=HTTPError:HTTP Error 400: Bad Request
[progress] upload start: drive_file_id=1CKikhuQffcqELelAGjawS1L16-PvFWX3 name='33_ Phùng Nguyên Tài- Lớp 4A.jpg' size_mb=0.1
[progress] upload error: drive_file_id=1lJplDtW1CtyCmEUBsgTKcYbuEL-QBN64 error=HTTPError:HTTP Error 400: Bad Request
[progress] upload start: drive_file_id=1MljGU3SHe1RCY0-pulvqSKlThbxZpjGF name='55_ Sùng Trung Hiếu- Lớp 5B.jpg' size_mb=0.1
[progress] upload error: drive_file_id=1qT_IQGlbqJ6_cFHKqJvq0MlYt1Fk9K6k error=HTTPError:HTTP Error 400: Bad Request
[progress] upload start: drive_file_id=145tUXxYgnN0L-oFqRmaEe0zr5nDBPgQY name='59_ Lý Thu Thủy- Lớp 5B.jpg' size_mb=0.1
[progress] upload error: drive_file_id=1CKikhuQffcqELelAGjawS1L16-PvFWX3 error=HTTPError:HTTP Error 400: Bad Request
[progress] files: uploaded=0 failed=90
[progress] upload start: drive_file_id=12oZ9rF2eabu0qE0PzUBlmdDu5a7BSatM name='56_Vàng văn Phúc- Lớp 5B.jpg' size_mb=0.2
[progress] upload error: drive_file_id=1iy50XnfwCQHpQIhIVULJrVUG3xNvdtd_ error=HTTPError:HTTP Error 400: Bad Request
[progress] upload start: drive_file_id=1WX2R-GkbbgF6ZXGuFnzfrTwU8oZ8XGTu name='58_Lý Thị Nhi- Lớp 5B.jpg' size_mb=0.1
[progress] upload error: drive_file_id=145tUXxYgnN0L-oFqRmaEe0zr5nDBPgQY error=HTTPError:HTTP Error 400: Bad Request
[progress] upload start: drive_file_id=1K2tUui-qAPelHqGdj9GueWP6qveyV0Qm name='28_Giàng Thị Phương Ngọc- Lớp 3C.jpg' size_mb=0.1
[progress] upload error: drive_file_id=1MljGU3SHe1RCY0-pulvqSKlThbxZpjGF error=HTTPError:HTTP Error 400: Bad Request
[progress] upload start: drive_file_id=1LNX1znx_-hgIUE6KH8BlZGebgviffiBc name='30_Giàng Thị Thu Nhường- Lớp 3C.jpg' size_mb=0.3
[progress] upload error: drive_file_id=12oZ9rF2eabu0qE0PzUBlmdDu5a7BSatM error=HTTPError:HTTP Error 400: Bad Request
[progress] upload start: drive_file_id=1glfXZ6Jol_XZn0_i4h679rIRim6r_KkZ name='31_Vàng Thị Thanh Trúc- Lớp 3C.jpg' size_mb=0.3
[progress] upload error: drive_file_id=1WX2R-GkbbgF6ZXGuFnzfrTwU8oZ8XGTu error=HTTPError:HTTP Error 400: Bad Request
[progress] upload start: drive_file_id=17DtnnHL4Z9_QVmX-m81pe1Ojb8XALbkS name='32_Lý Khánh Thành- Lớp 3C.jpg' size_mb=0.3
[progress] upload error: drive_file_id=1K2tUui-qAPelHqGdj9GueWP6qveyV0Qm error=HTTPError:HTTP Error 400: Bad Request
[progress] upload start: drive_file_id=1WuSdVR4T9vWa6ihKqV4KQEYxxl0lyISK name='26_Lý Thị Thu Hà- Lớp 3C.jpg' size_mb=0.3
[progress] upload error: drive_file_id=1LNX1znx_-hgIUE6KH8BlZGebgviffiBc error=HTTPError:HTTP Error 400: Bad Request
[progress] upload start: drive_file_id=1Fk0De0BVHIb4uVTwAA3_663Q-20mqf3M name='27_Phan Bảo Huy- Lớp 3C.jpg' size_mb=0.3
[progress] upload error: drive_file_id=1glfXZ6Jol_XZn0_i4h679rIRim6r_KkZ error=HTTPError:HTTP Error 400: Bad Request
[progress] upload start: drive_file_id=1rfKGIz2CiYkFymUHuoQjluMbt9HpuxWp name='29_Giàng A Ngọc- Lớp 3C.jpg' size_mb=0.3
[progress] upload error: drive_file_id=17DtnnHL4Z9_QVmX-m81pe1Ojb8XALbkS error=HTTPError:HTTP Error 400: Bad Request
[progress] upload start: drive_file_id=1ihxw_x-FYOpOvfboRLKBxwvCEWipnAIN name='21_Sùng Đình Huy- Lớp 3B.jpg' size_mb=0.1
[progress] upload error: drive_file_id=1WuSdVR4T9vWa6ihKqV4KQEYxxl0lyISK error=HTTPError:HTTP Error 400: Bad Request
[progress] files: uploaded=0 failed=100
[progress] upload start: drive_file_id=1gKiko_suPCeJtnmAZKAmaylx6v7SoMKh name='24_Giàng A Vi- Lớp 3B.jpg' size_mb=0.2
[progress] upload error: drive_file_id=1Fk0De0BVHIb4uVTwAA3_663Q-20mqf3M error=HTTPError:HTTP Error 400: Bad Request
[progress] upload start: drive_file_id=1-cJCrEty7hrtbKJM8OiJM8H0rKr-0qzM name='23_Sùng A Tú- Lớp 3B.jpg' size_mb=0.2
[progress] upload error: drive_file_id=1rfKGIz2CiYkFymUHuoQjluMbt9HpuxWp error=HTTPError:HTTP Error 400: Bad Request
[progress] upload start: drive_file_id=1nbCrd5eCWlsJ6_uaBKuzq5qrTQBUudCQ name='19_Giàng Thị Dua - Lớp 3B.jpg' size_mb=0.2
[progress] upload error: drive_file_id=1ihxw_x-FYOpOvfboRLKBxwvCEWipnAIN error=HTTPError:HTTP Error 400: Bad Request
[progress] upload start: drive_file_id=1NdZOo9K1o4IKeC0o7NY2yD2-1Ee3WsPU name='22_Vàng Thị Ngọc Lương- Lớp 3B.jpg' size_mb=0.2
[progress] upload error: drive_file_id=1gKiko_suPCeJtnmAZKAmaylx6v7SoMKh error=HTTPError:HTTP Error 400: Bad Request
[progress] upload start: drive_file_id=1-uhfk32WUsBj3TkvweZtHoUOHbcUYkvJ name='50 Phùng Kim Ngân.jpg' size_mb=0.2
[progress] upload error: drive_file_id=1-cJCrEty7hrtbKJM8OiJM8H0rKr-0qzM error=HTTPError:HTTP Error 400: Bad Request
[progress] upload start: drive_file_id=11orlAjbKMc0gQV5lo6RHSFfGUo4LFMxv name='20_Giàng Thị Hà- Lớp 3B.jpg' size_mb=0.2
[progress] upload error: drive_file_id=1nbCrd5eCWlsJ6_uaBKuzq5qrTQBUudCQ error=HTTPError:HTTP Error 400: Bad Request
[progress] upload start: drive_file_id=1Q82k043nAoOmNWakIOtZOyfgmlzCk-TV name='25_Sùng Thị Lan- Lớp 3B.jpg' size_mb=0.2
[progress] upload error: drive_file_id=1-uhfk32WUsBj3TkvweZtHoUOHbcUYkvJ error=HTTPError:HTTP Error 400: Bad Request
[progress] upload start: drive_file_id=1CKOVg7DiYfxgar-JzkGdENOxQcD0b3Tg name='16_Sùng Thị Liên Nhi- Lớp 3A.jpg' size_mb=0.1
[progress] upload error: drive_file_id=1NdZOo9K1o4IKeC0o7NY2yD2-1Ee3WsPU error=HTTPError:HTTP Error 400: Bad Request
[progress] upload start: drive_file_id=14-E5Z-7wpcDlmT94SqbT4J7hn6Njmt71 name='15_Vàng Hồng Ngọc- Lớp 3A.jpg' size_mb=0.2
[progress] upload error: drive_file_id=11orlAjbKMc0gQV5lo6RHSFfGUo4LFMxv error=HTTPError:HTTP Error 400: Bad Request
[progress] upload start: drive_file_id=17SgZ_xzltHcik6qqWexfgGeSyMIDrqQa name='14_Vàng Thị Hương- Lớp 3A.jpg' size_mb=0.2
[progress] upload error: drive_file_id=1Q82k043nAoOmNWakIOtZOyfgmlzCk-TV error=HTTPError:HTTP Error 400: Bad Request
[progress] files: uploaded=0 failed=110
[progress] upload start: drive_file_id=15GwVqetJdPC6HT-v1REJ0-g5m6PjhC5u name='18_Lý Thành Trung- Lớp 3A.jpg' size_mb=0.2
[progress] upload error: drive_file_id=1CKOVg7DiYfxgar-JzkGdENOxQcD0b3Tg error=HTTPError:HTTP Error 400: Bad Request
[progress] upload start: drive_file_id=1-FK1fUuy8PPHYvWmUJvZplqJVA_GAyCx name='13_Thào Thu Hà- Lớp 3A.jpg' size_mb=0.1
[progress] upload error: drive_file_id=14-E5Z-7wpcDlmT94SqbT4J7hn6Njmt71 error=HTTPError:HTTP Error 400: Bad Request
[progress] upload start: drive_file_id=1UJ0gnKpDe47j6FQG5AO-tp3sKea-Hg_y name='17_Sùng Quáng Thành- Lớp 3A.jpg' size_mb=0.2
[progress] upload error: drive_file_id=17SgZ_xzltHcik6qqWexfgGeSyMIDrqQa error=HTTPError:HTTP Error 400: Bad Request
[progress] upload start: drive_file_id=1VOsJhSCfmlcDqHZXOHIYEEmdhpFH_ocs name='46_ Giàng Thị Thu- Lớp 4C.jpg' size_mb=0.2
[progress] upload error: drive_file_id=15GwVqetJdPC6HT-v1REJ0-g5m6PjhC5u error=HTTPError:HTTP Error 400: Bad Request
[progress] upload start: drive_file_id=1DmbECOYiQl8fn5YA54BN7kjS3C9koimZ name='45_ Vàng Minh Lâm- Lớp 4C.jpg' size_mb=0.1
[progress] upload error: drive_file_id=1UJ0gnKpDe47j6FQG5AO-tp3sKea-Hg_y error=HTTPError:HTTP Error 400: Bad Request
[progress] upload start: drive_file_id=11x-Y24y7ZE1x4xdwceDSp3p-GnpqUVd0 name='43_ Triệu Thị Thúy Liên- Lớp 4C.jpg' size_mb=0.1
[progress] upload error: drive_file_id=1-FK1fUuy8PPHYvWmUJvZplqJVA_GAyCx error=HTTPError:HTTP Error 400: Bad Request
[progress] upload start: drive_file_id=1ld6iGyznu0iLYAuDWYjYZx9IsHHOR9bA name='44_ Vàng Thị Thu Hương- Lớp 4C.jpg' size_mb=0.1
[progress] upload error: drive_file_id=1VOsJhSCfmlcDqHZXOHIYEEmdhpFH_ocs error=HTTPError:HTTP Error 400: Bad Request
[progress] upload start: drive_file_id=1EEYK8-cHsu_lRqaA9r1MBwjpNl3gC0Qg name='42_ Ma Thị Chi- Lớp 4B.jpg' size_mb=0.2
[progress] upload error: drive_file_id=1DmbECOYiQl8fn5YA54BN7kjS3C9koimZ error=HTTPError:HTTP Error 400: Bad Request
[progress] upload start: drive_file_id=1OASEpdvONm03WLK4rW4vdOVt9-snUeYq name='40_Vàng Thị Dinh Cu- Lớp 4B.jpg' size_mb=0.2
[progress] upload error: drive_file_id=11x-Y24y7ZE1x4xdwceDSp3p-GnpqUVd0 error=HTTPError:HTTP Error 400: Bad Request
[progress] upload start: drive_file_id=1bfu3juJQhX16uUAGlw0KzfZNfsDmdmsc name='38_ Hoàng Sinh Hiếu- Lớp 4B.jpg' size_mb=0.2
[progress] upload error: drive_file_id=1ld6iGyznu0iLYAuDWYjYZx9IsHHOR9bA error=HTTPError:HTTP Error 400: Bad Request
[progress] files: uploaded=0 failed=120
[progress] upload start: drive_file_id=1qVZrq6JCJqKFwRnOAoXw8Ys_hDacbd2p name='39_ Sùng Tuấn Anh- Lớp 4B.jpg' size_mb=0.2
[progress] upload error: drive_file_id=1EEYK8-cHsu_lRqaA9r1MBwjpNl3gC0Qg error=HTTPError:HTTP Error 400: Bad Request
[progress] upload start: drive_file_id=17rantGYAt7abuXVRFZBULftmRep1dxRg name='35_ Ma Thị Linh Hoa- Lớp 4A.jpg' size_mb=0.5
[progress] upload error: drive_file_id=1OASEpdvONm03WLK4rW4vdOVt9-snUeYq error=HTTPError:HTTP Error 400: Bad Request
[progress] upload start: drive_file_id=1uuW0Amwy4fXlX-xT4ArqwnSL7UexvgY3 name='37_ Vàng Trung Quân- Lớp 4A.jpg' size_mb=0.6
[progress] upload error: drive_file_id=1bfu3juJQhX16uUAGlw0KzfZNfsDmdmsc error=HTTPError:HTTP Error 400: Bad Request
[progress] upload start: drive_file_id=14THmQvRsVXgKt6rmhkD9PnwrM8Bi4Ui9 name='36_Tráng A Lao- Lớp 4A.jpg' size_mb=0.4
[progress] upload error: drive_file_id=1qVZrq6JCJqKFwRnOAoXw8Ys_hDacbd2p error=HTTPError:HTTP Error 400: Bad Request
[progress] upload start: drive_file_id=1-JcLvIzn8157KEeWRP8hiQvTeO6yAYDH name='34_ Vàng Thị Tấu- Lớp 4A.jpg' size_mb=0.5
[progress] upload error: drive_file_id=1uuW0Amwy4fXlX-xT4ArqwnSL7UexvgY3 error=HTTPError:HTTP Error 400: Bad Request
[progress] upload start: drive_file_id=1UH9_ihVos-gipu5o91xCcKQGqcoqjmw- name='51 Triệu Như Quỳnh.jpg' size_mb=0.3
[progress] upload error: drive_file_id=17rantGYAt7abuXVRFZBULftmRep1dxRg error=HTTPError:HTTP Error 400: Bad Request
[progress] upload start: drive_file_id=17iEaFfSmyfuEJ28jCupR8rbGagMHhh74 name='52 Hoàng Thanh Tùng.jpg' size_mb=0.2
[progress] upload error: drive_file_id=14THmQvRsVXgKt6rmhkD9PnwrM8Bi4Ui9 error=HTTPError:HTTP Error 400: Bad Request
[progress] upload start: drive_file_id=12FBN-QVQ1bpZ5Snp5IO3NEcAPSPM_5bM name='Stt27.jpg' size_mb=0.2
[progress] upload error: drive_file_id=1-JcLvIzn8157KEeWRP8hiQvTeO6yAYDH error=HTTPError:HTTP Error 400: Bad Request
[progress] upload start: drive_file_id=1W04JGnbaJhtnvFi_mooi2jwOOGIpfyQQ name='Y Kiều Dung - stt21.jpg' size_mb=0.1
[progress] upload error: drive_file_id=1UH9_ihVos-gipu5o91xCcKQGqcoqjmw- error=HTTPError:HTTP Error 400: Bad Request
[progress] upload start: drive_file_id=1f1RczAWhnaoTgbqpFcR_KQ8y9w2paaeH name='47_ Vàng Seo Nam- Lớp 5A.jpg' size_mb=0.4
[progress] upload error: drive_file_id=17iEaFfSmyfuEJ28jCupR8rbGagMHhh74 error=HTTPError:HTTP Error 400: Bad Request
[progress] files: uploaded=0 failed=130
[progress] upload start: drive_file_id=1t5S0AlNpO9zwwzNcOhRcsQIa5B7ENkud name='50_ Phùng Anh Tuấn- Lớp 5A.jpg' size_mb=0.6
[progress] upload error: drive_file_id=12FBN-QVQ1bpZ5Snp5IO3NEcAPSPM_5bM error=HTTPError:HTTP Error 400: Bad Request
[progress] upload start: drive_file_id=1NQZ09zefICC3iwpsHii6XZQ5n8m5HidE name='54_ Sùng Seo Vương- Lớp 5A.jpg' size_mb=0.5
[progress] upload error: drive_file_id=1W04JGnbaJhtnvFi_mooi2jwOOGIpfyQQ error=HTTPError:HTTP Error 400: Bad Request
[progress] upload start: drive_file_id=1ywy1_ICBBqX065ASKOFqvzaMSTbJLp7S name='53_ Lý Thu Thảo- Lớp 5A.jpg' size_mb=0.4
[progress] upload error: drive_file_id=1t5S0AlNpO9zwwzNcOhRcsQIa5B7ENkud error=HTTPError:HTTP Error 400: Bad Request
[progress] upload start: drive_file_id=1B4g288ssrwGpFCFa5ltef21531uQNCma name='51_ Vàng Thị Ngọc Liên- Lớp 5A.jpg' size_mb=0.4
[progress] upload error: drive_file_id=1f1RczAWhnaoTgbqpFcR_KQ8y9w2paaeH error=HTTPError:HTTP Error 400: Bad Request
[progress] upload start: drive_file_id=1m7vIGNXjufNsKbQFV2GX1xlULLMchRzz name='48_ Hoàng Minh Hải- Lớp 5A.jpg' size_mb=0.4
[progress] upload error: drive_file_id=1NQZ09zefICC3iwpsHii6XZQ5n8m5HidE error=HTTPError:HTTP Error 400: Bad Request
[progress] upload start: drive_file_id=1t1iJYeR9QsT6iUqtaBGmIbkB1FjzAy67 name='52_Giáng Thị Sua- Lớp 5A.jpg' size_mb=0.4
[progress] upload error: drive_file_id=1ywy1_ICBBqX065ASKOFqvzaMSTbJLp7S error=HTTPError:HTTP Error 400: Bad Request
[progress] upload start: drive_file_id=1cTZEj5YMsI7tae2r4febJS6dduZeqSIw name='49_ Váng Khánh Thượng- Lớp 5A.jpg' size_mb=0.5
[progress] upload error: drive_file_id=1m7vIGNXjufNsKbQFV2GX1xlULLMchRzz error=HTTPError:HTTP Error 400: Bad Request
[progress] upload start: drive_file_id=1c5SEgV_i0E7YVarPlqKfUvDZ8jjUCNgW name='26. Triệu Minh Tiến 2 tuổi.jpg' size_mb=0.3
[progress] upload error: drive_file_id=1B4g288ssrwGpFCFa5ltef21531uQNCma error=HTTPError:HTTP Error 400: Bad Request
[progress] upload start: drive_file_id=14x2mdqucHG1JXpkNE_6qocxnPEt35tOL name='25. Phùng Thanh Nhi 2 tuôi .jpg' size_mb=0.2
[progress] upload error: drive_file_id=1t1iJYeR9QsT6iUqtaBGmIbkB1FjzAy67 error=HTTPError:HTTP Error 400: Bad Request
[progress] upload start: drive_file_id=17VYK_n-ynMYRiTp_vnGAqmuOMVfMGOXh name='47_Bàn Thị Thu Hằng.jpg' size_mb=0.1
[progress] upload error: drive_file_id=1cTZEj5YMsI7tae2r4febJS6dduZeqSIw error=HTTPError:HTTP Error 400: Bad Request
[progress] files: uploaded=0 failed=140
[progress] upload start: drive_file_id=1yCFZ0t8uaNd9Y8jv2QMekyOiPpIhX0lw name='47 - Phà A Và - Nhà trẻ C.jpg' size_mb=0.2
[progress] upload error: drive_file_id=14x2mdqucHG1JXpkNE_6qocxnPEt35tOL error=HTTPError:HTTP Error 400: Bad Request
[progress] upload start: drive_file_id=1J5SbbDApwiS6Cz3xV_IeSWQ_l6veXlBI name='Chu Bảo Khang.jpg' size_mb=0.3
[progress] discovery: scanned=2000
[progress] upload error: drive_file_id=1c5SEgV_i0E7YVarPlqKfUvDZ8jjUCNgW error=HTTPError:HTTP Error 400: Bad Request
[progress] upload start: drive_file_id=13P2h6gH5U7_q5Ga2FbnNseDMoFnz8A71 name='9 - Triệu Thị Hương.jpg' size_mb=0.1
[progress] upload error: drive_file_id=17VYK_n-ynMYRiTp_vnGAqmuOMVfMGOXh error=HTTPError:HTTP Error 400: Bad Request
[progress] upload start: drive_file_id=1_FdpAmRaJH-UN2GOI94UB1HdIEokyBxP name='Nông Trà My.jpg' size_mb=0.1
[progress] upload error: drive_file_id=1yCFZ0t8uaNd9Y8jv2QMekyOiPpIhX0lw error=HTTPError:HTTP Error 400: Bad Request
[progress] upload start: drive_file_id=1dJIO8vAfuIib54kU_ucwSWK_hbZQsnYi name='Triệu Thành Lương (2).jpg' size_mb=0.1
[progress] upload error: drive_file_id=1J5SbbDApwiS6Cz3xV_IeSWQ_l6veXlBI error=HTTPError:HTTP Error 400: Bad Request
[progress] upload start: drive_file_id=1bPIhaS1zOoRbVEVkcsVEPuEyqVibWSGe name='Vi Thị Ngọc DIệp.jpg' size_mb=0.2
[progress] upload error: drive_file_id=13P2h6gH5U7_q5Ga2FbnNseDMoFnz8A71 error=HTTPError:HTTP Error 400: Bad Request
[progress] upload start: drive_file_id=1cFkky7yCSayE1Yq4gbAHl1MoyeaTSV6y name='Âu Thanh Thảo.jpg' size_mb=0.1
[progress] upload error: drive_file_id=1_FdpAmRaJH-UN2GOI94UB1HdIEokyBxP error=HTTPError:HTTP Error 400: Bad Request
[progress] upload start: drive_file_id=1Xj15Z4qJ9jZu0-jeagfb3rs-xov2LjUM name='06- Dương Tuấn Khải.jpg' size_mb=0.1
[progress] upload error: drive_file_id=1cFkky7yCSayE1Yq4gbAHl1MoyeaTSV6y error=HTTPError:HTTP Error 400: Bad Request
[progress] upload start: drive_file_id=1rCrOzt5MmKIoWlW7eofaaTwZpCgP0Zu2 name='z5848791024436_f5d22a448424791ba21d68bcbd395c05.jpg' size_mb=0.1
[progress] upload error: drive_file_id=1dJIO8vAfuIib54kU_ucwSWK_hbZQsnYi error=HTTPError:HTTP Error 400: Bad Request
[progress] upload start: drive_file_id=11jxlkKj8jsS4yT-x8-Am9lYBRJisOL4P name='44 Lê Kim Cương.jpg' size_mb=0.1
[progress] upload error: drive_file_id=1bPIhaS1zOoRbVEVkcsVEPuEyqVibWSGe error=HTTPError:HTTP Error 400: Bad Request
[progress] files: uploaded=0 failed=150
[progress] upload start: drive_file_id=15KaFeKy2lcA1reVnQ9RZ8kkOQT3Fv4Zl name='20.Tẩn Láo Tả- 3B.jpg' size_mb=0.0
[progress] upload error: drive_file_id=1Xj15Z4qJ9jZu0-jeagfb3rs-xov2LjUM error=HTTPError:HTTP Error 400: Bad Request
[progress] upload start: drive_file_id=1wnJmxBUXG9ON4GmiV5wF2rDB5OobOC2R name='24 Ngân Anh Khoa.jpg' size_mb=0.2
[progress] upload error: drive_file_id=15KaFeKy2lcA1reVnQ9RZ8kkOQT3Fv4Zl error=HTTPError:HTTP Error 400: Bad Request
[progress] upload start: drive_file_id=1zToFhXGl_9d6PuH_DNh5v_QEVnCG_mc9 name='017. Hoàng Kim Ngân.jpg' size_mb=0.2
[progress] upload error: drive_file_id=11jxlkKj8jsS4yT-x8-Am9lYBRJisOL4P error=HTTPError:HTTP Error 400: Bad Request
[progress] upload start: drive_file_id=1vDsvqRoGZQyC2dlojlU3f-w57uKn6m2G name='012. Hoàng Hải Đăng.jpg' size_mb=0.2
[progress] upload error: drive_file_id=1rCrOzt5MmKIoWlW7eofaaTwZpCgP0Zu2 error=HTTPError:HTTP Error 400: Bad Request
[progress] upload start: drive_file_id=1qi6VJWDO7o-nK5gC9J9MGyW9QdskQbRw name='011. Lự Việt Hùng.jpg' size_mb=0.2
