[progress] bootstrap: preloaded_folder_mappings=2729
[progress] discovery: scanned=1
[progress] files: skipped_google_native=1
[progress] folders: skipped_already_mapped=1
[progress] files: skipped_already_mapped=1
[progress] files: skipped_already_mapped=50
[progress] discovery: scanned=100
[progress] files: skipped_google_native=50
[progress] files: skipped_already_mapped=100
[progress] files: skipped_zero_byte=1
[progress] discovery: scanned=200
[progress] files: skipped_already_mapped=150
[progress] folders: skipped_already_mapped=50
[progress] discovery: scanned=300
[progress] folders: skipped_already_mapped=100
[progress] folders: skipped_already_mapped=150
[progress] discovery: scanned=400
[progress] folders: skipped_already_mapped=200
[progress] folders: skipped_already_mapped=250
[progress] discovery: scanned=500
[progress] folders: skipped_already_mapped=300
[progress] discovery: scanned=600
[progress] files: skipped_already_mapped=200
[progress] files: skipped_already_mapped=250
[progress] discovery: scanned=700
[progress] files: skipped_already_mapped=300
[progress] files: skipped_already_mapped=350
[progress] discovery: scanned=800
[progress] files: skipped_already_mapped=400
[progress] files: skipped_already_mapped=450
[progress] discovery: scanned=900
[progress] files: skipped_already_mapped=500
[progress] files: skipped_already_mapped=550
[progress] discovery: scanned=1000
[progress] files: skipped_already_mapped=600
[progress] files: skipped_already_mapped=650
[progress] discovery: scanned=1100
[progress] files: skipped_already_mapped=700
[progress] files: skipped_already_mapped=750
[progress] discovery: scanned=1200
[progress] files: skipped_already_mapped=800
[progress] folders: skipped_already_mapped=350
[progress] folders: skipped_already_mapped=400
[progress] discovery: scanned=1300
[progress] folders: skipped_already_mapped=450
[progress] folders: skipped_already_mapped=500
[progress] discovery: scanned=1400
[progress] folders: skipped_already_mapped=550
[progress] folders: skipped_already_mapped=600
[progress] discovery: scanned=1500
[progress] folders: skipped_already_mapped=650
[progress] folders: skipped_already_mapped=700
[progress] discovery: scanned=1600
[progress] folders: skipped_already_mapped=750
[progress] folders: skipped_already_mapped=800
[progress] discovery: scanned=1700
[progress] folders: skipped_already_mapped=850
[progress] folders: skipped_already_mapped=900
[progress] discovery: scanned=1800
[progress] folders: skipped_already_mapped=950
[progress] folders: skipped_already_mapped=1000
[progress] discovery: scanned=1900
[progress] folders: skipped_already_mapped=1050
[progress] folders: skipped_already_mapped=1100
[progress] discovery: scanned=2000
[progress] folders: skipped_already_mapped=1150
[progress] folders: skipped_already_mapped=1200
[progress] discovery: scanned=2100
[progress] folders: skipped_already_mapped=1250
[progress] files: skipped_already_mapped=850
[progress] discovery: scanned=2200
[progress] files: skipped_already_mapped=900
[progress] files: skipped_already_mapped=950
[progress] discovery: scanned=2300
[progress] files: skipped_already_mapped=1000
[progress] files: skipped_already_mapped=1050
[progress] discovery: scanned=2400
[progress] files: skipped_already_mapped=1100
[progress] files: skipped_already_mapped=1150
[progress] discovery: scanned=2500
[progress] folders: skipped_already_mapped=1300
[progress] discovery: scanned=2600
[progress] files: skipped_already_mapped=1200
[progress] files: skipped_already_mapped=1250
[progress] discovery: scanned=2700
[progress] files: skipped_already_mapped=1300
[progress] files: skipped_already_mapped=1350
[progress] discovery: scanned=2800
[progress] files: skipped_already_mapped=1400
[progress] folders: skipped_already_mapped=1350
[progress] files: skipped_already_mapped=1450
[progress] discovery: scanned=2900
[progress] files: skipped_already_mapped=1500
[progress] files: skipped_already_mapped=1550
[progress] discovery: scanned=3000
[progress] folders: skipped_already_mapped=1400
[progress] files: skipped_already_mapped=1600
[progress] discovery: scanned=3100
[progress] files: skipped_already_mapped=1650
[progress] files: skipped_already_mapped=1700
[progress] discovery: scanned=3200
[progress] files: skipped_already_mapped=1750
[progress] files: skipped_already_mapped=1800
[progress] discovery: scanned=3300
[progress] files: skipped_already_mapped=1850
[progress] discovery: scanned=3400
[progress] folders: skipped_already_mapped=1450
[progress] files: skipped_already_mapped=1900
[progress] files: skipped_already_mapped=1950
[progress] discovery: scanned=3500
[progress] files: skipped_already_mapped=2000
[progress] folders: skipped_already_mapped=1500
[progress] discovery: scanned=3600
[progress] files: skipped_already_mapped=2050
[progress] files: skipped_already_mapped=2100
[progress] discovery: scanned=3700
[progress] files: skipped_already_mapped=2150
[progress] files: skipped_already_mapped=2200
[progress] discovery: scanned=3800
[progress] files: skipped_already_mapped=2250
[progress] files: skipped_already_mapped=2300
[progress] discovery: scanned=3900
[progress] files: skipped_already_mapped=2350
[progress] files: skipped_already_mapped=2400
[progress] discovery: scanned=4000
[progress] files: skipped_already_mapped=2450
[progress] files: skipped_already_mapped=2500
[progress] discovery: scanned=4100
[progress] files: skipped_already_mapped=2550
[progress] files: skipped_already_mapped=2600
[progress] discovery: scanned=4200
[progress] files: skipped_already_mapped=2650
[progress] files: skipped_already_mapped=2700
[progress] discovery: scanned=4300
[progress] files: skipped_already_mapped=2750
[progress] files: skipped_already_mapped=2800
[progress] discovery: scanned=4400
[progress] files: skipped_already_mapped=2850
[progress] files: skipped_already_mapped=2900
[progress] discovery: scanned=4500
[progress] files: skipped_already_mapped=2950
[progress] files: skipped_already_mapped=3000
[progress] discovery: scanned=4600
[progress] files: skipped_already_mapped=3050
[progress] discovery: scanned=4700
[progress] files: skipped_already_mapped=3100
[progress] files: skipped_already_mapped=3150
[progress] discovery: scanned=4800
[progress] files: skipped_already_mapped=3200
[progress] files: skipped_already_mapped=3250
[progress] discovery: scanned=4900
[progress] files: skipped_already_mapped=3300
[progress] files: skipped_already_mapped=3350
[progress] discovery: scanned=5000
[progress] files: skipped_already_mapped=3400
[progress] files: skipped_already_mapped=3450
[progress] discovery: scanned=5100
[progress] files: skipped_already_mapped=3500
[progress] files: skipped_already_mapped=3550
[progress] discovery: scanned=5200
[progress] files: skipped_already_mapped=3600
[progress] files: skipped_already_mapped=3650
[progress] discovery: scanned=5300
[progress] files: skipped_already_mapped=3700
[progress] files: skipped_already_mapped=3750
[progress] discovery: scanned=5400
[progress] files: skipped_already_mapped=3800
[progress] files: skipped_already_mapped=3850
[progress] discovery: scanned=5500
[progress] files: skipped_already_mapped=3900
[progress] files: skipped_already_mapped=3950
[progress] discovery: scanned=5600
[progress] folders: skipped_already_mapped=1550
[progress] files: skipped_already_mapped=4000
[progress] files: skipped_already_mapped=4050
[progress] discovery: scanned=5700
[progress] files: skipped_already_mapped=4100
[progress] files: skipped_already_mapped=4150
[progress] discovery: scanned=5800
[progress] files: skipped_already_mapped=4200
[progress] folders: skipped_already_mapped=1600
[progress] discovery: scanned=5900
[progress] files: skipped_already_mapped=4250
[progress] discovery: scanned=6000
[progress] files: skipped_already_mapped=4300
[progress] folders: skipped_already_mapped=1650
[progress] files: skipped_already_mapped=4350
[progress] discovery: scanned=6100
[progress] files: skipped_already_mapped=4400
[progress] discovery: scanned=6200
[progress] files: skipped_already_mapped=4450
[progress] folders: skipped_already_mapped=1700
[progress] files: skipped_already_mapped=4500
[progress] discovery: scanned=6300
[progress] files: skipped_already_mapped=4550
[progress] folders: skipped_already_mapped=1750
[progress] discovery: scanned=6400
[progress] files: skipped_already_mapped=4600
[progress] discovery: scanned=6500
[progress] files: skipped_already_mapped=4650
[progress] folders: skipped_already_mapped=1800
[progress] files: skipped_already_mapped=4700
[progress] discovery: scanned=6600
[progress] files: skipped_already_mapped=4750
[progress] discovery: scanned=6700
[progress] files: skipped_already_mapped=4800
[progress] folders: skipped_already_mapped=1850
[progress] files: skipped_already_mapped=4850
[progress] discovery: scanned=6800
[progress] files: skipped_already_mapped=4900
[progress] discovery: scanned=6900
[progress] files: skipped_already_mapped=4950
[progress] folders: skipped_already_mapped=1900
[progress] discovery: scanned=7000
[progress] files: skipped_already_mapped=5000
[progress] files: skipped_already_mapped=5050
[progress] discovery: scanned=7100
[progress] folders: skipped_already_mapped=1950
[progress] files: skipped_already_mapped=5100
[progress] discovery: scanned=7200
[progress] files: skipped_already_mapped=5150
[progress] folders: skipped_already_mapped=2000
[progress] discovery: scanned=7300
[progress] files: skipped_already_mapped=5200
[progress] files: skipped_already_mapped=5250
[progress] discovery: scanned=7400
[progress] folders: skipped_already_mapped=2050
[progress] files: skipped_already_mapped=5300
[progress] discovery: scanned=7500
[progress] files: skipped_already_mapped=5350
[progress] folders: skipped_already_mapped=2100
[progress] discovery: scanned=7600
[progress] files: skipped_already_mapped=5400
[progress] files: skipped_already_mapped=5450
[progress] discovery: scanned=7700
[progress] files: skipped_already_mapped=5500
[progress] folders: skipped_already_mapped=2150
[progress] discovery: scanned=7800
[progress] files: skipped_already_mapped=5550
[progress] folders: skipped_already_mapped=2200
[progress] files: skipped_already_mapped=5600
[progress] discovery: scanned=7900
[progress] files: skipped_already_mapped=5650
[progress] discovery: scanned=8000
[progress] files: skipped_already_mapped=5700
[progress] folders: skipped_already_mapped=2250
[progress] discovery: scanned=8100
[progress] files: skipped_already_mapped=5750
[progress] folders: skipped_already_mapped=2300
[progress] discovery: scanned=8200
[progress] files: skipped_already_mapped=5800
[progress] files: skipped_already_mapped=5850
[progress] discovery: scanned=8300
[progress] folders: skipped_already_mapped=2350
[progress] files: skipped_already_mapped=5900
[progress] discovery: scanned=8400
[progress] files: skipped_already_mapped=5950
[progress] files: skipped_already_mapped=6000
[progress] discovery: scanned=8500
[progress] folders: skipped_already_mapped=2400
[progress] files: skipped_already_mapped=6050
[progress] discovery: scanned=8600
[progress] files: skipped_already_mapped=6100
[progress] folders: skipped_already_mapped=2450
[progress] discovery: scanned=8700
[progress] files: skipped_already_mapped=6150
[progress] files: skipped_already_mapped=6200
[progress] discovery: scanned=8800
[progress] folders: skipped_already_mapped=2500
[progress] files: skipped_already_mapped=6250
[progress] discovery: scanned=8900
[progress] files: skipped_already_mapped=6300
[progress] discovery: scanned=9000
[progress] folders: skipped_already_mapped=2550
[progress] files: skipped_already_mapped=6350
[progress] files: skipped_already_mapped=6400
[progress] discovery: scanned=9100
[progress] files: skipped_already_mapped=6450
[progress] discovery: scanned=9200
[progress] files: skipped_already_mapped=6500
[progress] files: skipped_already_mapped=6550
[progress] discovery: scanned=9300
[progress] files: skipped_already_mapped=6600
[progress] files: skipped_already_mapped=6650
[progress] discovery: scanned=9400
[progress] files: skipped_already_mapped=6700
[progress] files: skipped_already_mapped=6750
